<?xml version="1.0" encoding="UTF-8"?>
<!-- Generated by org.testng.reporters.JUnitReportReporter -->
<testsuite hostname="DESKTOP-6RDAJ8O" failures="0" tests="29" name="CompanySecretoryTest.EntityTestCases" time="740.415" errors="0" timestamp="2023-05-09T17:57:22 IST" skipped="0">
  <testcase classname="CompanySecretoryTest.EntityTestCases" name="Login" time="9.801"/>
  <system-out/>
  <testcase classname="CompanySecretoryTest.EntityTestCases" name="ValidDataEntityExcelUpload" time="24.087"/>
  <system-out/>
  <testcase classname="CompanySecretoryTest.EntityTestCases" name="InvalidDataEntityExcelUpload" time="20.823"/>
  <system-out/>
  <testcase classname="CompanySecretoryTest.EntityTestCases" name="ExistingDataEntityExcelUpload" time="20.764"/>
  <system-out/>
  <testcase classname="CompanySecretoryTest.EntityTestCases" name="WithoutEnteringDataEntityExcelUpload" time="23.862"/>
  <system-out/>
  <testcase classname="CompanySecretoryTest.EntityTestCases" name="EnterInvalidEntityExcelUploadFile" time="20.778"/>
  <system-out/>
  <testcase classname="CompanySecretoryTest.EntityTestCases" name="WithoutselectingfileEntityExcelUploadFile" time="18.940"/>
  <system-out/>
  <testcase classname="CompanySecretoryTest.EntityTestCases" name="LLPExcelUploadFile" time="21.231"/>
  <system-out/>
  <testcase classname="CompanySecretoryTest.EntityTestCases" name="InvalidDataLLPExcelUploadFile" time="23.882"/>
  <system-out/>
  <testcase classname="CompanySecretoryTest.EntityTestCases" name="EnterExistingDataInvalidDataLLPExcelUploadFile" time="24.001"/>
  <system-out/>
  <testcase classname="CompanySecretoryTest.EntityTestCases" name="WithoutEnteringDataLLPExcelUpload" time="24.094"/>
  <system-out/>
  <testcase classname="CompanySecretoryTest.EntityTestCases" name="EnterInvalidLLPExcelUploadFile" time="20.789"/>
  <system-out/>
  <testcase classname="CompanySecretoryTest.EntityTestCases" name="WithoutselectingfileLLPExcelUploadFile" time="18.723"/>
  <system-out/>
  <testcase classname="CompanySecretoryTest.EntityTestCases" name="MGT7ExcelUploadFile" time="24.926"/>
  <system-out/>
  <testcase classname="CompanySecretoryTest.EntityTestCases" name="MGT7ExcelInvalidUploadFile" time="20.807"/>
  <system-out/>
  <testcase classname="CompanySecretoryTest.EntityTestCases" name="MGT7ExcelDiffInvalidUploadFile" time="22.824"/>
  <system-out/>
  <testcase classname="CompanySecretoryTest.EntityTestCases" name="MGT7ExcelExistingUploadFile" time="24.997"/>
  <system-out/>
  <testcase classname="CompanySecretoryTest.EntityTestCases" name="WithoutselectingfileMGT7ExcelUploadFile" time="18.655"/>
  <system-out/>
  <testcase classname="CompanySecretoryTest.EntityTestCases" name="AddBankDetailesLLP" time="36.922"/>
  <system-out/>
  <testcase classname="CompanySecretoryTest.EntityTestCases" name="DuplicateBankDetailesLLP" time="36.692"/>
  <system-out/>
  <testcase classname="CompanySecretoryTest.EntityTestCases" name="InvalidAccountNoLLP" time="34.574"/>
  <system-out/>
  <testcase classname="CompanySecretoryTest.EntityTestCases" name="InvalidBankNameLLP" time="28.517"/>
  <system-out/>
  <testcase classname="CompanySecretoryTest.EntityTestCases" name="InvalidIFSCLLP" time="33.141"/>
  <system-out/>
  <testcase classname="CompanySecretoryTest.EntityTestCases" name="DateBankDetailesLLP" time="38.970"/>
  <system-out/>
  <testcase classname="CompanySecretoryTest.EntityTestCases" name="WithoutEnterBankDetailesLLP" time="30.443"/>
  <system-out/>
  <testcase classname="CompanySecretoryTest.EntityTestCases" name="UpdateBankDetailesLLP" time="31.343"/>
  <system-out/>
  <testcase classname="CompanySecretoryTest.EntityTestCases" name="InvalidUpdateBankDetailesLLP" time="40.942"/>
  <system-out/>
  <testcase classname="CompanySecretoryTest.EntityTestCases" name="DeleteBankDetailesLLP" time="25.074"/>
  <system-out/>
  <testcase classname="CompanySecretoryTest.EntityTestCases" name="DeleteBankDetailes1LLP" time="19.813"/>
  <system-out/>
</testsuite> <!-- CompanySecretoryTest.EntityTestCases -->
