<?xml version="1.0" encoding="UTF-8"?>
<!-- Generated by org.testng.reporters.JUnitReportReporter -->
<testsuite hostname="DESKTOP-6RDAJ8O" failures="0" tests="43" name="CompanySecretoryTest.EntityTestCases" time="1339.185" errors="0" timestamp="2023-05-12T18:06:14 IST" skipped="0">
  <testcase classname="CompanySecretoryTest.EntityTestCases" name="Login" time="8.127"/>
  <system-out/>
  <testcase classname="CompanySecretoryTest.EntityTestCases" name="DateBankDetailesLLP" time="39.667"/>
  <system-out/>
  <testcase classname="CompanySecretoryTest.EntityTestCases" name="WithoutEnterBankDetailesLLP" time="30.470"/>
  <system-out/>
  <testcase classname="CompanySecretoryTest.EntityTestCases" name="UpdateBankDetailesLLP" time="32.100"/>
  <system-out/>
  <testcase classname="CompanySecretoryTest.EntityTestCases" name="InvalidUpdateBankDetailesLLP" time="41.423"/>
  <system-out/>
  <testcase classname="CompanySecretoryTest.EntityTestCases" name="DeleteBankDetailesLLP" time="25.336"/>
  <system-out/>
  <testcase classname="CompanySecretoryTest.EntityTestCases" name="DeleteBankDetailes1LLP" time="20.178"/>
  <system-out/>
  <testcase classname="CompanySecretoryTest.EntityTestCases" name="ValidDataEntityExcelUpload" time="24.265"/>
  <system-out/>
  <testcase classname="CompanySecretoryTest.EntityTestCases" name="InvalidDataEntityExcelUpload" time="22.186"/>
  <system-out/>
  <testcase classname="CompanySecretoryTest.EntityTestCases" name="ExistingDataEntityExcelUpload" time="21.258"/>
  <system-out/>
  <testcase classname="CompanySecretoryTest.EntityTestCases" name="WithoutEnteringDataEntityExcelUpload" time="24.174"/>
  <system-out/>
  <testcase classname="CompanySecretoryTest.EntityTestCases" name="EnterInvalidEntityExcelUploadFile" time="21.021"/>
  <system-out/>
  <testcase classname="CompanySecretoryTest.EntityTestCases" name="WithoutselectingfileEntityExcelUploadFile" time="18.995"/>
  <system-out/>
  <testcase classname="CompanySecretoryTest.EntityTestCases" name="LLPExcelUploadFile" time="21.243"/>
  <system-out/>
  <testcase classname="CompanySecretoryTest.EntityTestCases" name="InvalidDataLLPExcelUploadFile" time="24.060"/>
  <system-out/>
  <testcase classname="CompanySecretoryTest.EntityTestCases" name="EnterExistingDataInvalidDataLLPExcelUploadFile" time="23.968"/>
  <system-out/>
  <testcase classname="CompanySecretoryTest.EntityTestCases" name="WithoutEnteringDataLLPExcelUpload" time="24.187"/>
  <system-out/>
  <testcase classname="CompanySecretoryTest.EntityTestCases" name="EnterInvalidLLPExcelUploadFile" time="21.488"/>
  <system-out/>
  <testcase classname="CompanySecretoryTest.EntityTestCases" name="WithoutselectingfileLLPExcelUploadFile" time="19.057"/>
  <system-out/>
  <testcase classname="CompanySecretoryTest.EntityTestCases" name="MGT7ExcelUploadFile" time="25.198"/>
  <system-out/>
  <testcase classname="CompanySecretoryTest.EntityTestCases" name="MGT7ExcelInvalidUploadFile" time="21.032"/>
  <system-out/>
  <testcase classname="CompanySecretoryTest.EntityTestCases" name="MGT7ExcelDiffInvalidUploadFile" time="23.328"/>
  <system-out/>
  <testcase classname="CompanySecretoryTest.EntityTestCases" name="MGT7ExcelExistingUploadFile" time="25.384"/>
  <system-out/>
  <testcase classname="CompanySecretoryTest.EntityTestCases" name="WithoutselectingfileMGT7ExcelUploadFile" time="19.080"/>
  <system-out/>
  <testcase classname="CompanySecretoryTest.EntityTestCases" name="ClickShareHoldingOption" time="11.544"/>
  <system-out/>
  <testcase classname="CompanySecretoryTest.EntityTestCases" name="AddShareHolding" time="74.611"/>
  <system-out/>
  <testcase classname="CompanySecretoryTest.EntityTestCases" name="ClickShareHoldingDeatils" time="22.251"/>
  <system-out/>
  <testcase classname="CompanySecretoryTest.EntityTestCases" name="AddShareHoldingDetailes" time="71.295"/>
  <system-out/>
  <testcase classname="CompanySecretoryTest.EntityTestCases" name="EnterInvaliddataFoliooftransferor" time="71.017"/>
  <system-out/>
  <testcase classname="CompanySecretoryTest.EntityTestCases" name="WithoutEnterDataInSahreHoldingDetailes" time="30.422"/>
  <system-out/>
  <testcase classname="CompanySecretoryTest.EntityTestCases" name="CloseBtnSahreHoldingDetailes" time="24.315"/>
  <system-out/>
  <testcase classname="CompanySecretoryTest.EntityTestCases" name="UploadFileShareHoldingDetailes" time="42.864"/>
  <system-out/>
  <testcase classname="CompanySecretoryTest.EntityTestCases" name="UploadExistingFileShareHoldingDetailes" time="42.917"/>
  <system-out/>
  <testcase classname="CompanySecretoryTest.EntityTestCases" name="InvalidDataUploadFileShareHoldingDeatils" time="42.779"/>
  <system-out/>
  <testcase classname="CompanySecretoryTest.EntityTestCases" name="EmptyDataUploadshareHoldingDeatils" time="42.749"/>
  <system-out/>
  <testcase classname="CompanySecretoryTest.EntityTestCases" name="InvalidFileUploadShareHoldingDetailes" time="38.400"/>
  <system-out/>
  <testcase classname="CompanySecretoryTest.EntityTestCases" name="WithoutSelectingFileUploadShareHoldingDetailes" time="34.229"/>
  <system-out/>
  <testcase classname="CompanySecretoryTest.EntityTestCases" name="UploadFileSahreHolding" time="36.082"/>
  <system-out/>
  <testcase classname="CompanySecretoryTest.EntityTestCases" name="ExistingUploadFileSahreHolding" time="36.084"/>
  <system-out/>
  <testcase classname="CompanySecretoryTest.EntityTestCases" name="InvalidUploadShareHolding" time="36.183"/>
  <system-out/>
  <testcase classname="CompanySecretoryTest.EntityTestCases" name="EmptyFileUploadShareHolding" time="36.079"/>
  <system-out/>
  <testcase classname="CompanySecretoryTest.EntityTestCases" name="InvalidFileUploadShareHolding" time="36.077"/>
  <system-out/>
  <testcase classname="CompanySecretoryTest.EntityTestCases" name="WithoutSelectingFileUploadShareHolding" time="32.062"/>
  <system-out/>
</testsuite> <!-- CompanySecretoryTest.EntityTestCases -->
