<?xml version="1.0" encoding="UTF-8"?>
<!-- Generated by org.testng.reporters.JUnitReportReporter -->
<testsuite hostname="DESKTOP-6RDAJ8O" failures="0" tests="6" name="CompanySecretoryTest.EntityTestCases" time="149.606" errors="0" timestamp="2023-05-22T12:40:25 IST" skipped="0">
  <testcase classname="CompanySecretoryTest.EntityTestCases" name="Login" time="9.672"/>
  <system-out/>
  <testcase classname="CompanySecretoryTest.EntityTestCases" name="Resignationofauditor" time="39.963"/>
  <system-out/>
  <testcase classname="CompanySecretoryTest.EntityTestCases" name="EnterInvalidDataResignationofAuditor" time="37.554"/>
  <system-out/>
  <testcase classname="CompanySecretoryTest.EntityTestCases" name="EnterEmptyDataResignationofAuditor" time="20.938"/>
  <system-out/>
  <testcase classname="CompanySecretoryTest.EntityTestCases" name="CloseBtnResignationofAuditor" time="20.759"/>
  <system-out/>
  <testcase classname="CompanySecretoryTest.EntityTestCases" name="ClickInternalAuditor" time="20.720"/>
  <system-out/>
</testsuite> <!-- CompanySecretoryTest.EntityTestCases -->
