<?xml version="1.0" encoding="UTF-8"?>
<!-- Generated by org.testng.reporters.JUnitReportReporter -->
<testsuite hostname="DESKTOP-6RDAJ8O" failures="0" tests="251" name="CompanySecretoryTest.EntityTestCases" time="814.490" errors="13" timestamp="2023-06-14T20:55:35 IST" skipped="227">
  <testcase classname="CompanySecretoryTest.EntityTestCases" name="Close" time="12.927">
    <error message="disconnected: not connected to DevTools
  (failed to check if window was closed: disconnected: not connected to DevTools)
  (Session info: chrome=114.0.5735.110)
Build info: version: &#039;3.141.0&#039;, revision: &#039;2ecb7d9a&#039;, time: &#039;2018-10-31T20:09:30&#039;
System info: host: &#039;DESKTOP-6RDAJ8O&#039;, ip: &#039;192.168.0.106&#039;, os.name: &#039;Windows 11&#039;, os.arch: &#039;amd64&#039;, os.version: &#039;10.0&#039;, java.version: &#039;17.0.4&#039;
Driver info: org.openqa.selenium.chrome.ChromeDriver
Capabilities {acceptInsecureCerts: false, browserName: chrome, browserVersion: 114.0.5735.110, chrome: {chromedriverVersion: 114.0.5735.90 (386bc09e8f4f..., userDataDir: C:\Users\Admin\AppData\Loca...}, goog:chromeOptions: {debuggerAddress: localhost:65405}, javascriptEnabled: true, networkConnectionEnabled: false, pageLoadStrategy: normal, platform: WINDOWS, platformName: WINDOWS, proxy: Proxy(), setWindowRect: true, strictFileInteractability: false, timeouts: {implicit: 0, pageLoad: 300000, script: 30000}, unhandledPromptBehavior: dismiss and notify, webauthn:extension:credBlob: true, webauthn:extension:largeBlob: true, webauthn:extension:minPinLength: true, webauthn:extension:prf: true, webauthn:virtualAuthenticators: true}
Session ID: 52bbe2ff93f6468a03a838fc73073a33" type="org.openqa.selenium.WebDriverException">
      <![CDATA[org.openqa.selenium.WebDriverException: disconnected: not connected to DevTools
  (failed to check if window was closed: disconnected: not connected to DevTools)
  (Session info: chrome=114.0.5735.110)
Build info: version: '3.141.0', revision: '2ecb7d9a', time: '2018-10-31T20:09:30'
System info: host: 'DESKTOP-6RDAJ8O', ip: '192.168.0.106', os.name: 'Windows 11', os.arch: 'amd64', os.version: '10.0', java.version: '17.0.4'
Driver info: org.openqa.selenium.chrome.ChromeDriver
Capabilities {acceptInsecureCerts: false, browserName: chrome, browserVersion: 114.0.5735.110, chrome: {chromedriverVersion: 114.0.5735.90 (386bc09e8f4f..., userDataDir: C:\Users\Admin\AppData\Loca...}, goog:chromeOptions: {debuggerAddress: localhost:65405}, javascriptEnabled: true, networkConnectionEnabled: false, pageLoadStrategy: normal, platform: WINDOWS, platformName: WINDOWS, proxy: Proxy(), setWindowRect: true, strictFileInteractability: false, timeouts: {implicit: 0, pageLoad: 300000, script: 30000}, unhandledPromptBehavior: dismiss and notify, webauthn:extension:credBlob: true, webauthn:extension:largeBlob: true, webauthn:extension:minPinLength: true, webauthn:extension:prf: true, webauthn:virtualAuthenticators: true}
Session ID: 52bbe2ff93f6468a03a838fc73073a33
at java.base/jdk.internal.reflect.NativeConstructorAccessorImpl.newInstance0(Native Method)
at java.base/jdk.internal.reflect.NativeConstructorAccessorImpl.newInstance(NativeConstructorAccessorImpl.java:77)
at java.base/jdk.internal.reflect.DelegatingConstructorAccessorImpl.newInstance(DelegatingConstructorAccessorImpl.java:45)
at java.base/java.lang.reflect.Constructor.newInstanceWithCaller(Constructor.java:499)
at java.base/java.lang.reflect.Constructor.newInstance(Constructor.java:480)
at org.openqa.selenium.remote.http.W3CHttpResponseCodec.createException(W3CHttpResponseCodec.java:187)
at org.openqa.selenium.remote.http.W3CHttpResponseCodec.decode(W3CHttpResponseCodec.java:122)
at org.openqa.selenium.remote.http.W3CHttpResponseCodec.decode(W3CHttpResponseCodec.java:49)
at org.openqa.selenium.remote.HttpCommandExecutor.execute(HttpCommandExecutor.java:158)
at org.openqa.selenium.remote.service.DriverCommandExecutor.execute(DriverCommandExecutor.java:83)
at org.openqa.selenium.remote.RemoteWebDriver.execute(RemoteWebDriver.java:552)
at org.openqa.selenium.remote.RemoteWebDriver.execute(RemoteWebDriver.java:609)
at org.openqa.selenium.remote.RemoteWebDriver.close(RemoteWebDriver.java:442)
at CompanySecretoryTest.EntityTestCases.Close(EntityTestCases.java:3430)
at jdk.internal.reflect.GeneratedMethodAccessor28.invoke(Unknown Source)
at java.base/jdk.internal.reflect.DelegatingMethodAccessorImpl.invoke(DelegatingMethodAccessorImpl.java:43)
at java.base/java.lang.reflect.Method.invoke(Method.java:568)
at org.testng.internal.invokers.MethodInvocationHelper.invokeMethod(MethodInvocationHelper.java:139)
at org.testng.internal.invokers.MethodInvocationHelper.invokeMethodConsideringTimeout(MethodInvocationHelper.java:69)
at org.testng.internal.invokers.ConfigInvoker.invokeConfigurationMethod(ConfigInvoker.java:361)
at org.testng.internal.invokers.ConfigInvoker.invokeConfigurations(ConfigInvoker.java:296)
at org.testng.internal.invokers.TestInvoker.runConfigMethods(TestInvoker.java:816)
at org.testng.internal.invokers.TestInvoker.runAfterConfigurations(TestInvoker.java:785)
at org.testng.internal.invokers.TestInvoker.invokeMethod(TestInvoker.java:761)
at org.testng.internal.invokers.TestInvoker.invokeTestMethod(TestInvoker.java:221)
at org.testng.internal.invokers.MethodRunner.runInSequence(MethodRunner.java:50)
at org.testng.internal.invokers.TestInvoker$MethodInvocationAgent.invoke(TestInvoker.java:962)
at org.testng.internal.invokers.TestInvoker.invokeTestMethods(TestInvoker.java:194)
at org.testng.internal.invokers.TestMethodWorker.invokeTestMethods(TestMethodWorker.java:148)
at org.testng.internal.invokers.TestMethodWorker.run(TestMethodWorker.java:128)
at java.base/java.util.ArrayList.forEach(ArrayList.java:1511)
at org.testng.TestRunner.privateRun(TestRunner.java:806)
at org.testng.TestRunner.run(TestRunner.java:601)
at org.testng.SuiteRunner.runTest(SuiteRunner.java:433)
at org.testng.SuiteRunner.runSequentially(SuiteRunner.java:427)
at org.testng.SuiteRunner.privateRun(SuiteRunner.java:387)
at org.testng.SuiteRunner.run(SuiteRunner.java:330)
at org.testng.SuiteRunnerWorker.runSuite(SuiteRunnerWorker.java:52)
at org.testng.SuiteRunnerWorker.run(SuiteRunnerWorker.java:95)
at org.testng.TestNG.runSuitesSequentially(TestNG.java:1256)
at org.testng.TestNG.runSuitesLocally(TestNG.java:1176)
at org.testng.TestNG.runSuites(TestNG.java:1099)
at org.testng.TestNG.run(TestNG.java:1067)
at org.testng.remote.AbstractRemoteTestNG.run(AbstractRemoteTestNG.java:115)
at org.testng.remote.RemoteTestNG.initAndRun(RemoteTestNG.java:251)
at org.testng.remote.RemoteTestNG.main(RemoteTestNG.java:77)
]]>
    </error>
  </testcase> <!-- Close -->
  <system-out/>
  <testcase classname="CompanySecretoryTest.EntityTestCases" name="BuisnessActivity" time="37.208"/>
  <system-out/>
  <testcase classname="CompanySecretoryTest.EntityTestCases" name="AddBuisnessActivity" time="50.673"/>
  <system-out/>
  <testcase classname="CompanySecretoryTest.EntityTestCases" name="NoDataFound" time="54.927"/>
  <system-out/>
  <testcase classname="CompanySecretoryTest.EntityTestCases" name="WithOutEnterData" time="45.444"/>
  <system-out/>
  <testcase classname="CompanySecretoryTest.EntityTestCases" name="EditBA" time="52.982"/>
  <system-out/>
  <testcase classname="CompanySecretoryTest.EntityTestCases" name="EditInvalidData" time="42.120"/>
  <system-out/>
  <testcase classname="CompanySecretoryTest.EntityTestCases" name="BADeleteIcon" time="50.042"/>
  <system-out/>
  <testcase classname="CompanySecretoryTest.EntityTestCases" name="BACloseBtn" time="36.666"/>
  <system-out/>
  <testcase classname="CompanySecretoryTest.EntityTestCases" name="DocumentTab" time="34.960"/>
  <system-out/>
  <testcase classname="CompanySecretoryTest.EntityTestCases" name="AddDocument" time="22.187">
    <error message="no such element: Unable to locate element: {&quot;method&quot;:&quot;xpath&quot;,&quot;selector&quot;:&quot;//*[@id=&#039;gridbank_active_cell&#039;]/a[1]/span/img&quot;}
  (Session info: chrome=114.0.5735.110)
For documentation on this error, please visit: http://seleniumhq.org/exceptions/no_such_element.html
Build info: version: &#039;3.141.0&#039;, revision: &#039;2ecb7d9a&#039;, time: &#039;2018-10-31T20:09:30&#039;
System info: host: &#039;DESKTOP-6RDAJ8O&#039;, ip: &#039;192.168.0.106&#039;, os.name: &#039;Windows 11&#039;, os.arch: &#039;amd64&#039;, os.version: &#039;10.0&#039;, java.version: &#039;17.0.4&#039;
Driver info: org.openqa.selenium.chrome.ChromeDriver
Capabilities {acceptInsecureCerts: false, browserName: chrome, browserVersion: 114.0.5735.110, chrome: {chromedriverVersion: 114.0.5735.90 (386bc09e8f4f..., userDataDir: C:\Users\Admin\AppData\Loca...}, goog:chromeOptions: {debuggerAddress: localhost:64569}, javascriptEnabled: true, networkConnectionEnabled: false, pageLoadStrategy: normal, platform: WINDOWS, platformName: WINDOWS, proxy: Proxy(), setWindowRect: true, strictFileInteractability: false, timeouts: {implicit: 0, pageLoad: 300000, script: 30000}, unhandledPromptBehavior: dismiss and notify, webauthn:extension:credBlob: true, webauthn:extension:largeBlob: true, webauthn:extension:minPinLength: true, webauthn:extension:prf: true, webauthn:virtualAuthenticators: true}
Session ID: e6bf432f3257b72c9b2c4ec074b3219f
*** Element info: {Using=xpath, value=//*[@id=&#039;gridbank_active_cell&#039;]/a[1]/span/img}" type="org.openqa.selenium.NoSuchElementException">
      <![CDATA[org.openqa.selenium.NoSuchElementException: no such element: Unable to locate element: {"method":"xpath","selector":"//*[@id='gridbank_active_cell']/a[1]/span/img"}
  (Session info: chrome=114.0.5735.110)
For documentation on this error, please visit: http://seleniumhq.org/exceptions/no_such_element.html
Build info: version: '3.141.0', revision: '2ecb7d9a', time: '2018-10-31T20:09:30'
System info: host: 'DESKTOP-6RDAJ8O', ip: '192.168.0.106', os.name: 'Windows 11', os.arch: 'amd64', os.version: '10.0', java.version: '17.0.4'
Driver info: org.openqa.selenium.chrome.ChromeDriver
Capabilities {acceptInsecureCerts: false, browserName: chrome, browserVersion: 114.0.5735.110, chrome: {chromedriverVersion: 114.0.5735.90 (386bc09e8f4f..., userDataDir: C:\Users\Admin\AppData\Loca...}, goog:chromeOptions: {debuggerAddress: localhost:64569}, javascriptEnabled: true, networkConnectionEnabled: false, pageLoadStrategy: normal, platform: WINDOWS, platformName: WINDOWS, proxy: Proxy(), setWindowRect: true, strictFileInteractability: false, timeouts: {implicit: 0, pageLoad: 300000, script: 30000}, unhandledPromptBehavior: dismiss and notify, webauthn:extension:credBlob: true, webauthn:extension:largeBlob: true, webauthn:extension:minPinLength: true, webauthn:extension:prf: true, webauthn:virtualAuthenticators: true}
Session ID: e6bf432f3257b72c9b2c4ec074b3219f
*** Element info: {Using=xpath, value=//*[@id='gridbank_active_cell']/a[1]/span/img}
at java.base/jdk.internal.reflect.NativeConstructorAccessorImpl.newInstance0(Native Method)
at java.base/jdk.internal.reflect.NativeConstructorAccessorImpl.newInstance(NativeConstructorAccessorImpl.java:77)
at java.base/jdk.internal.reflect.DelegatingConstructorAccessorImpl.newInstance(DelegatingConstructorAccessorImpl.java:45)
at java.base/java.lang.reflect.Constructor.newInstanceWithCaller(Constructor.java:499)
at java.base/java.lang.reflect.Constructor.newInstance(Constructor.java:480)
at org.openqa.selenium.remote.http.W3CHttpResponseCodec.createException(W3CHttpResponseCodec.java:187)
at org.openqa.selenium.remote.http.W3CHttpResponseCodec.decode(W3CHttpResponseCodec.java:122)
at org.openqa.selenium.remote.http.W3CHttpResponseCodec.decode(W3CHttpResponseCodec.java:49)
at org.openqa.selenium.remote.HttpCommandExecutor.execute(HttpCommandExecutor.java:158)
at org.openqa.selenium.remote.service.DriverCommandExecutor.execute(DriverCommandExecutor.java:83)
at org.openqa.selenium.remote.RemoteWebDriver.execute(RemoteWebDriver.java:552)
at org.openqa.selenium.remote.RemoteWebDriver.findElement(RemoteWebDriver.java:323)
at org.openqa.selenium.remote.RemoteWebDriver.findElementByXPath(RemoteWebDriver.java:428)
at org.openqa.selenium.By$ByXPath.findElement(By.java:353)
at org.openqa.selenium.remote.RemoteWebDriver.findElement(RemoteWebDriver.java:315)
at CompnaySecretory.EntityLocator.clickEditIcon(EntityLocator.java:253)
at CompnaySecretory.EntityMasterMethod.AddNewDocument(EntityMasterMethod.java:860)
at CompanySecretoryTest.EntityTestCases.AddDocument(EntityTestCases.java:293)
at java.base/jdk.internal.reflect.NativeMethodAccessorImpl.invoke0(Native Method)
at java.base/jdk.internal.reflect.NativeMethodAccessorImpl.invoke(NativeMethodAccessorImpl.java:77)
at java.base/jdk.internal.reflect.DelegatingMethodAccessorImpl.invoke(DelegatingMethodAccessorImpl.java:43)
at java.base/java.lang.reflect.Method.invoke(Method.java:568)
at org.testng.internal.invokers.MethodInvocationHelper.invokeMethod(MethodInvocationHelper.java:139)
at org.testng.internal.invokers.TestInvoker.invokeMethod(TestInvoker.java:677)
at org.testng.internal.invokers.TestInvoker.invokeTestMethod(TestInvoker.java:221)
at org.testng.internal.invokers.MethodRunner.runInSequence(MethodRunner.java:50)
at org.testng.internal.invokers.TestInvoker$MethodInvocationAgent.invoke(TestInvoker.java:962)
at org.testng.internal.invokers.TestInvoker.invokeTestMethods(TestInvoker.java:194)
at org.testng.internal.invokers.TestMethodWorker.invokeTestMethods(TestMethodWorker.java:148)
at org.testng.internal.invokers.TestMethodWorker.run(TestMethodWorker.java:128)
at java.base/java.util.ArrayList.forEach(ArrayList.java:1511)
at org.testng.TestRunner.privateRun(TestRunner.java:806)
at org.testng.TestRunner.run(TestRunner.java:601)
at org.testng.SuiteRunner.runTest(SuiteRunner.java:433)
at org.testng.SuiteRunner.runSequentially(SuiteRunner.java:427)
at org.testng.SuiteRunner.privateRun(SuiteRunner.java:387)
at org.testng.SuiteRunner.run(SuiteRunner.java:330)
at org.testng.SuiteRunnerWorker.runSuite(SuiteRunnerWorker.java:52)
at org.testng.SuiteRunnerWorker.run(SuiteRunnerWorker.java:95)
at org.testng.TestNG.runSuitesSequentially(TestNG.java:1256)
at org.testng.TestNG.runSuitesLocally(TestNG.java:1176)
at org.testng.TestNG.runSuites(TestNG.java:1099)
at org.testng.TestNG.run(TestNG.java:1067)
at org.testng.remote.AbstractRemoteTestNG.run(AbstractRemoteTestNG.java:115)
at org.testng.remote.RemoteTestNG.initAndRun(RemoteTestNG.java:251)
at org.testng.remote.RemoteTestNG.main(RemoteTestNG.java:77)
]]>
    </error>
  </testcase> <!-- AddDocument -->
  <system-out/>
  <testcase classname="CompanySecretoryTest.EntityTestCases" name="AlreadyExistDocument" time="21.063">
    <error message="no such element: Unable to locate element: {&quot;method&quot;:&quot;xpath&quot;,&quot;selector&quot;:&quot;//*[@id=&#039;gridbank_active_cell&#039;]/a[1]/span/img&quot;}
  (Session info: chrome=114.0.5735.110)
For documentation on this error, please visit: http://seleniumhq.org/exceptions/no_such_element.html
Build info: version: &#039;3.141.0&#039;, revision: &#039;2ecb7d9a&#039;, time: &#039;2018-10-31T20:09:30&#039;
System info: host: &#039;DESKTOP-6RDAJ8O&#039;, ip: &#039;192.168.0.106&#039;, os.name: &#039;Windows 11&#039;, os.arch: &#039;amd64&#039;, os.version: &#039;10.0&#039;, java.version: &#039;17.0.4&#039;
Driver info: org.openqa.selenium.chrome.ChromeDriver
Capabilities {acceptInsecureCerts: false, browserName: chrome, browserVersion: 114.0.5735.110, chrome: {chromedriverVersion: 114.0.5735.90 (386bc09e8f4f..., userDataDir: C:\Users\Admin\AppData\Loca...}, goog:chromeOptions: {debuggerAddress: localhost:64614}, javascriptEnabled: true, networkConnectionEnabled: false, pageLoadStrategy: normal, platform: WINDOWS, platformName: WINDOWS, proxy: Proxy(), setWindowRect: true, strictFileInteractability: false, timeouts: {implicit: 0, pageLoad: 300000, script: 30000}, unhandledPromptBehavior: dismiss and notify, webauthn:extension:credBlob: true, webauthn:extension:largeBlob: true, webauthn:extension:minPinLength: true, webauthn:extension:prf: true, webauthn:virtualAuthenticators: true}
Session ID: f582226eb328443500ee708f451096e7
*** Element info: {Using=xpath, value=//*[@id=&#039;gridbank_active_cell&#039;]/a[1]/span/img}" type="org.openqa.selenium.NoSuchElementException">
      <![CDATA[org.openqa.selenium.NoSuchElementException: no such element: Unable to locate element: {"method":"xpath","selector":"//*[@id='gridbank_active_cell']/a[1]/span/img"}
  (Session info: chrome=114.0.5735.110)
For documentation on this error, please visit: http://seleniumhq.org/exceptions/no_such_element.html
Build info: version: '3.141.0', revision: '2ecb7d9a', time: '2018-10-31T20:09:30'
System info: host: 'DESKTOP-6RDAJ8O', ip: '192.168.0.106', os.name: 'Windows 11', os.arch: 'amd64', os.version: '10.0', java.version: '17.0.4'
Driver info: org.openqa.selenium.chrome.ChromeDriver
Capabilities {acceptInsecureCerts: false, browserName: chrome, browserVersion: 114.0.5735.110, chrome: {chromedriverVersion: 114.0.5735.90 (386bc09e8f4f..., userDataDir: C:\Users\Admin\AppData\Loca...}, goog:chromeOptions: {debuggerAddress: localhost:64614}, javascriptEnabled: true, networkConnectionEnabled: false, pageLoadStrategy: normal, platform: WINDOWS, platformName: WINDOWS, proxy: Proxy(), setWindowRect: true, strictFileInteractability: false, timeouts: {implicit: 0, pageLoad: 300000, script: 30000}, unhandledPromptBehavior: dismiss and notify, webauthn:extension:credBlob: true, webauthn:extension:largeBlob: true, webauthn:extension:minPinLength: true, webauthn:extension:prf: true, webauthn:virtualAuthenticators: true}
Session ID: f582226eb328443500ee708f451096e7
*** Element info: {Using=xpath, value=//*[@id='gridbank_active_cell']/a[1]/span/img}
at java.base/jdk.internal.reflect.NativeConstructorAccessorImpl.newInstance0(Native Method)
at java.base/jdk.internal.reflect.NativeConstructorAccessorImpl.newInstance(NativeConstructorAccessorImpl.java:77)
at java.base/jdk.internal.reflect.DelegatingConstructorAccessorImpl.newInstance(DelegatingConstructorAccessorImpl.java:45)
at java.base/java.lang.reflect.Constructor.newInstanceWithCaller(Constructor.java:499)
at java.base/java.lang.reflect.Constructor.newInstance(Constructor.java:480)
at org.openqa.selenium.remote.http.W3CHttpResponseCodec.createException(W3CHttpResponseCodec.java:187)
at org.openqa.selenium.remote.http.W3CHttpResponseCodec.decode(W3CHttpResponseCodec.java:122)
at org.openqa.selenium.remote.http.W3CHttpResponseCodec.decode(W3CHttpResponseCodec.java:49)
at org.openqa.selenium.remote.HttpCommandExecutor.execute(HttpCommandExecutor.java:158)
at org.openqa.selenium.remote.service.DriverCommandExecutor.execute(DriverCommandExecutor.java:83)
at org.openqa.selenium.remote.RemoteWebDriver.execute(RemoteWebDriver.java:552)
at org.openqa.selenium.remote.RemoteWebDriver.findElement(RemoteWebDriver.java:323)
at org.openqa.selenium.remote.RemoteWebDriver.findElementByXPath(RemoteWebDriver.java:428)
at org.openqa.selenium.By$ByXPath.findElement(By.java:353)
at org.openqa.selenium.remote.RemoteWebDriver.findElement(RemoteWebDriver.java:315)
at CompnaySecretory.EntityLocator.clickEditIcon(EntityLocator.java:253)
at CompnaySecretory.EntityMasterMethod.AlreadyExistDocument(EntityMasterMethod.java:913)
at CompanySecretoryTest.EntityTestCases.AlreadyExistDocument(EntityTestCases.java:304)
at java.base/jdk.internal.reflect.NativeMethodAccessorImpl.invoke0(Native Method)
at java.base/jdk.internal.reflect.NativeMethodAccessorImpl.invoke(NativeMethodAccessorImpl.java:77)
at java.base/jdk.internal.reflect.DelegatingMethodAccessorImpl.invoke(DelegatingMethodAccessorImpl.java:43)
at java.base/java.lang.reflect.Method.invoke(Method.java:568)
at org.testng.internal.invokers.MethodInvocationHelper.invokeMethod(MethodInvocationHelper.java:139)
at org.testng.internal.invokers.TestInvoker.invokeMethod(TestInvoker.java:677)
at org.testng.internal.invokers.TestInvoker.invokeTestMethod(TestInvoker.java:221)
at org.testng.internal.invokers.MethodRunner.runInSequence(MethodRunner.java:50)
at org.testng.internal.invokers.TestInvoker$MethodInvocationAgent.invoke(TestInvoker.java:962)
at org.testng.internal.invokers.TestInvoker.invokeTestMethods(TestInvoker.java:194)
at org.testng.internal.invokers.TestMethodWorker.invokeTestMethods(TestMethodWorker.java:148)
at org.testng.internal.invokers.TestMethodWorker.run(TestMethodWorker.java:128)
at java.base/java.util.ArrayList.forEach(ArrayList.java:1511)
at org.testng.TestRunner.privateRun(TestRunner.java:806)
at org.testng.TestRunner.run(TestRunner.java:601)
at org.testng.SuiteRunner.runTest(SuiteRunner.java:433)
at org.testng.SuiteRunner.runSequentially(SuiteRunner.java:427)
at org.testng.SuiteRunner.privateRun(SuiteRunner.java:387)
at org.testng.SuiteRunner.run(SuiteRunner.java:330)
at org.testng.SuiteRunnerWorker.runSuite(SuiteRunnerWorker.java:52)
at org.testng.SuiteRunnerWorker.run(SuiteRunnerWorker.java:95)
at org.testng.TestNG.runSuitesSequentially(TestNG.java:1256)
at org.testng.TestNG.runSuitesLocally(TestNG.java:1176)
at org.testng.TestNG.runSuites(TestNG.java:1099)
at org.testng.TestNG.run(TestNG.java:1067)
at org.testng.remote.AbstractRemoteTestNG.run(AbstractRemoteTestNG.java:115)
at org.testng.remote.RemoteTestNG.initAndRun(RemoteTestNG.java:251)
at org.testng.remote.RemoteTestNG.main(RemoteTestNG.java:77)
]]>
    </error>
  </testcase> <!-- AlreadyExistDocument -->
  <system-out/>
  <testcase classname="CompanySecretoryTest.EntityTestCases" name="WithoutEnteringDoc" time="19.911">
    <error message="no such element: Unable to locate element: {&quot;method&quot;:&quot;xpath&quot;,&quot;selector&quot;:&quot;//*[@id=&#039;gridbank_active_cell&#039;]/a[1]/span/img&quot;}
  (Session info: chrome=114.0.5735.110)
For documentation on this error, please visit: http://seleniumhq.org/exceptions/no_such_element.html
Build info: version: &#039;3.141.0&#039;, revision: &#039;2ecb7d9a&#039;, time: &#039;2018-10-31T20:09:30&#039;
System info: host: &#039;DESKTOP-6RDAJ8O&#039;, ip: &#039;192.168.0.106&#039;, os.name: &#039;Windows 11&#039;, os.arch: &#039;amd64&#039;, os.version: &#039;10.0&#039;, java.version: &#039;17.0.4&#039;
Driver info: org.openqa.selenium.chrome.ChromeDriver
Capabilities {acceptInsecureCerts: false, browserName: chrome, browserVersion: 114.0.5735.110, chrome: {chromedriverVersion: 114.0.5735.90 (386bc09e8f4f..., userDataDir: C:\Users\Admin\AppData\Loca...}, goog:chromeOptions: {debuggerAddress: localhost:64662}, javascriptEnabled: true, networkConnectionEnabled: false, pageLoadStrategy: normal, platform: WINDOWS, platformName: WINDOWS, proxy: Proxy(), setWindowRect: true, strictFileInteractability: false, timeouts: {implicit: 0, pageLoad: 300000, script: 30000}, unhandledPromptBehavior: dismiss and notify, webauthn:extension:credBlob: true, webauthn:extension:largeBlob: true, webauthn:extension:minPinLength: true, webauthn:extension:prf: true, webauthn:virtualAuthenticators: true}
Session ID: 2542e2f9cee996e0da104a89f072eea3
*** Element info: {Using=xpath, value=//*[@id=&#039;gridbank_active_cell&#039;]/a[1]/span/img}" type="org.openqa.selenium.NoSuchElementException">
      <![CDATA[org.openqa.selenium.NoSuchElementException: no such element: Unable to locate element: {"method":"xpath","selector":"//*[@id='gridbank_active_cell']/a[1]/span/img"}
  (Session info: chrome=114.0.5735.110)
For documentation on this error, please visit: http://seleniumhq.org/exceptions/no_such_element.html
Build info: version: '3.141.0', revision: '2ecb7d9a', time: '2018-10-31T20:09:30'
System info: host: 'DESKTOP-6RDAJ8O', ip: '192.168.0.106', os.name: 'Windows 11', os.arch: 'amd64', os.version: '10.0', java.version: '17.0.4'
Driver info: org.openqa.selenium.chrome.ChromeDriver
Capabilities {acceptInsecureCerts: false, browserName: chrome, browserVersion: 114.0.5735.110, chrome: {chromedriverVersion: 114.0.5735.90 (386bc09e8f4f..., userDataDir: C:\Users\Admin\AppData\Loca...}, goog:chromeOptions: {debuggerAddress: localhost:64662}, javascriptEnabled: true, networkConnectionEnabled: false, pageLoadStrategy: normal, platform: WINDOWS, platformName: WINDOWS, proxy: Proxy(), setWindowRect: true, strictFileInteractability: false, timeouts: {implicit: 0, pageLoad: 300000, script: 30000}, unhandledPromptBehavior: dismiss and notify, webauthn:extension:credBlob: true, webauthn:extension:largeBlob: true, webauthn:extension:minPinLength: true, webauthn:extension:prf: true, webauthn:virtualAuthenticators: true}
Session ID: 2542e2f9cee996e0da104a89f072eea3
*** Element info: {Using=xpath, value=//*[@id='gridbank_active_cell']/a[1]/span/img}
at java.base/jdk.internal.reflect.NativeConstructorAccessorImpl.newInstance0(Native Method)
at java.base/jdk.internal.reflect.NativeConstructorAccessorImpl.newInstance(NativeConstructorAccessorImpl.java:77)
at java.base/jdk.internal.reflect.DelegatingConstructorAccessorImpl.newInstance(DelegatingConstructorAccessorImpl.java:45)
at java.base/java.lang.reflect.Constructor.newInstanceWithCaller(Constructor.java:499)
at java.base/java.lang.reflect.Constructor.newInstance(Constructor.java:480)
at org.openqa.selenium.remote.http.W3CHttpResponseCodec.createException(W3CHttpResponseCodec.java:187)
at org.openqa.selenium.remote.http.W3CHttpResponseCodec.decode(W3CHttpResponseCodec.java:122)
at org.openqa.selenium.remote.http.W3CHttpResponseCodec.decode(W3CHttpResponseCodec.java:49)
at org.openqa.selenium.remote.HttpCommandExecutor.execute(HttpCommandExecutor.java:158)
at org.openqa.selenium.remote.service.DriverCommandExecutor.execute(DriverCommandExecutor.java:83)
at org.openqa.selenium.remote.RemoteWebDriver.execute(RemoteWebDriver.java:552)
at org.openqa.selenium.remote.RemoteWebDriver.findElement(RemoteWebDriver.java:323)
at org.openqa.selenium.remote.RemoteWebDriver.findElementByXPath(RemoteWebDriver.java:428)
at org.openqa.selenium.By$ByXPath.findElement(By.java:353)
at org.openqa.selenium.remote.RemoteWebDriver.findElement(RemoteWebDriver.java:315)
at CompnaySecretory.EntityLocator.clickEditIcon(EntityLocator.java:253)
at CompnaySecretory.EntityMasterMethod.WithoutEnteringDocument(EntityMasterMethod.java:964)
at CompanySecretoryTest.EntityTestCases.WithoutEnteringDoc(EntityTestCases.java:316)
at java.base/jdk.internal.reflect.NativeMethodAccessorImpl.invoke0(Native Method)
at java.base/jdk.internal.reflect.NativeMethodAccessorImpl.invoke(NativeMethodAccessorImpl.java:77)
at java.base/jdk.internal.reflect.DelegatingMethodAccessorImpl.invoke(DelegatingMethodAccessorImpl.java:43)
at java.base/java.lang.reflect.Method.invoke(Method.java:568)
at org.testng.internal.invokers.MethodInvocationHelper.invokeMethod(MethodInvocationHelper.java:139)
at org.testng.internal.invokers.TestInvoker.invokeMethod(TestInvoker.java:677)
at org.testng.internal.invokers.TestInvoker.invokeTestMethod(TestInvoker.java:221)
at org.testng.internal.invokers.MethodRunner.runInSequence(MethodRunner.java:50)
at org.testng.internal.invokers.TestInvoker$MethodInvocationAgent.invoke(TestInvoker.java:962)
at org.testng.internal.invokers.TestInvoker.invokeTestMethods(TestInvoker.java:194)
at org.testng.internal.invokers.TestMethodWorker.invokeTestMethods(TestMethodWorker.java:148)
at org.testng.internal.invokers.TestMethodWorker.run(TestMethodWorker.java:128)
at java.base/java.util.ArrayList.forEach(ArrayList.java:1511)
at org.testng.TestRunner.privateRun(TestRunner.java:806)
at org.testng.TestRunner.run(TestRunner.java:601)
at org.testng.SuiteRunner.runTest(SuiteRunner.java:433)
at org.testng.SuiteRunner.runSequentially(SuiteRunner.java:427)
at org.testng.SuiteRunner.privateRun(SuiteRunner.java:387)
at org.testng.SuiteRunner.run(SuiteRunner.java:330)
at org.testng.SuiteRunnerWorker.runSuite(SuiteRunnerWorker.java:52)
at org.testng.SuiteRunnerWorker.run(SuiteRunnerWorker.java:95)
at org.testng.TestNG.runSuitesSequentially(TestNG.java:1256)
at org.testng.TestNG.runSuitesLocally(TestNG.java:1176)
at org.testng.TestNG.runSuites(TestNG.java:1099)
at org.testng.TestNG.run(TestNG.java:1067)
at org.testng.remote.AbstractRemoteTestNG.run(AbstractRemoteTestNG.java:115)
at org.testng.remote.RemoteTestNG.initAndRun(RemoteTestNG.java:251)
at org.testng.remote.RemoteTestNG.main(RemoteTestNG.java:77)
]]>
    </error>
  </testcase> <!-- WithoutEnteringDoc -->
  <system-out/>
  <testcase classname="CompanySecretoryTest.EntityTestCases" name="ViewDocument" time="19.886">
    <error message="no such element: Unable to locate element: {&quot;method&quot;:&quot;xpath&quot;,&quot;selector&quot;:&quot;//*[@id=&#039;gridbank_active_cell&#039;]/a[1]/span/img&quot;}
  (Session info: chrome=114.0.5735.110)
For documentation on this error, please visit: http://seleniumhq.org/exceptions/no_such_element.html
Build info: version: &#039;3.141.0&#039;, revision: &#039;2ecb7d9a&#039;, time: &#039;2018-10-31T20:09:30&#039;
System info: host: &#039;DESKTOP-6RDAJ8O&#039;, ip: &#039;192.168.0.106&#039;, os.name: &#039;Windows 11&#039;, os.arch: &#039;amd64&#039;, os.version: &#039;10.0&#039;, java.version: &#039;17.0.4&#039;
Driver info: org.openqa.selenium.chrome.ChromeDriver
Capabilities {acceptInsecureCerts: false, browserName: chrome, browserVersion: 114.0.5735.110, chrome: {chromedriverVersion: 114.0.5735.90 (386bc09e8f4f..., userDataDir: C:\Users\Admin\AppData\Loca...}, goog:chromeOptions: {debuggerAddress: localhost:64706}, javascriptEnabled: true, networkConnectionEnabled: false, pageLoadStrategy: normal, platform: WINDOWS, platformName: WINDOWS, proxy: Proxy(), setWindowRect: true, strictFileInteractability: false, timeouts: {implicit: 0, pageLoad: 300000, script: 30000}, unhandledPromptBehavior: dismiss and notify, webauthn:extension:credBlob: true, webauthn:extension:largeBlob: true, webauthn:extension:minPinLength: true, webauthn:extension:prf: true, webauthn:virtualAuthenticators: true}
Session ID: e4d009608ba2b9a8fef8d5b6335d6e8d
*** Element info: {Using=xpath, value=//*[@id=&#039;gridbank_active_cell&#039;]/a[1]/span/img}" type="org.openqa.selenium.NoSuchElementException">
      <![CDATA[org.openqa.selenium.NoSuchElementException: no such element: Unable to locate element: {"method":"xpath","selector":"//*[@id='gridbank_active_cell']/a[1]/span/img"}
  (Session info: chrome=114.0.5735.110)
For documentation on this error, please visit: http://seleniumhq.org/exceptions/no_such_element.html
Build info: version: '3.141.0', revision: '2ecb7d9a', time: '2018-10-31T20:09:30'
System info: host: 'DESKTOP-6RDAJ8O', ip: '192.168.0.106', os.name: 'Windows 11', os.arch: 'amd64', os.version: '10.0', java.version: '17.0.4'
Driver info: org.openqa.selenium.chrome.ChromeDriver
Capabilities {acceptInsecureCerts: false, browserName: chrome, browserVersion: 114.0.5735.110, chrome: {chromedriverVersion: 114.0.5735.90 (386bc09e8f4f..., userDataDir: C:\Users\Admin\AppData\Loca...}, goog:chromeOptions: {debuggerAddress: localhost:64706}, javascriptEnabled: true, networkConnectionEnabled: false, pageLoadStrategy: normal, platform: WINDOWS, platformName: WINDOWS, proxy: Proxy(), setWindowRect: true, strictFileInteractability: false, timeouts: {implicit: 0, pageLoad: 300000, script: 30000}, unhandledPromptBehavior: dismiss and notify, webauthn:extension:credBlob: true, webauthn:extension:largeBlob: true, webauthn:extension:minPinLength: true, webauthn:extension:prf: true, webauthn:virtualAuthenticators: true}
Session ID: e4d009608ba2b9a8fef8d5b6335d6e8d
*** Element info: {Using=xpath, value=//*[@id='gridbank_active_cell']/a[1]/span/img}
at java.base/jdk.internal.reflect.NativeConstructorAccessorImpl.newInstance0(Native Method)
at java.base/jdk.internal.reflect.NativeConstructorAccessorImpl.newInstance(NativeConstructorAccessorImpl.java:77)
at java.base/jdk.internal.reflect.DelegatingConstructorAccessorImpl.newInstance(DelegatingConstructorAccessorImpl.java:45)
at java.base/java.lang.reflect.Constructor.newInstanceWithCaller(Constructor.java:499)
at java.base/java.lang.reflect.Constructor.newInstance(Constructor.java:480)
at org.openqa.selenium.remote.http.W3CHttpResponseCodec.createException(W3CHttpResponseCodec.java:187)
at org.openqa.selenium.remote.http.W3CHttpResponseCodec.decode(W3CHttpResponseCodec.java:122)
at org.openqa.selenium.remote.http.W3CHttpResponseCodec.decode(W3CHttpResponseCodec.java:49)
at org.openqa.selenium.remote.HttpCommandExecutor.execute(HttpCommandExecutor.java:158)
at org.openqa.selenium.remote.service.DriverCommandExecutor.execute(DriverCommandExecutor.java:83)
at org.openqa.selenium.remote.RemoteWebDriver.execute(RemoteWebDriver.java:552)
at org.openqa.selenium.remote.RemoteWebDriver.findElement(RemoteWebDriver.java:323)
at org.openqa.selenium.remote.RemoteWebDriver.findElementByXPath(RemoteWebDriver.java:428)
at org.openqa.selenium.By$ByXPath.findElement(By.java:353)
at org.openqa.selenium.remote.RemoteWebDriver.findElement(RemoteWebDriver.java:315)
at CompnaySecretory.EntityLocator.clickEditIcon(EntityLocator.java:253)
at CompnaySecretory.EntityMasterMethod.ViewDocument(EntityMasterMethod.java:1003)
at CompanySecretoryTest.EntityTestCases.ViewDocument(EntityTestCases.java:327)
at java.base/jdk.internal.reflect.NativeMethodAccessorImpl.invoke0(Native Method)
at java.base/jdk.internal.reflect.NativeMethodAccessorImpl.invoke(NativeMethodAccessorImpl.java:77)
at java.base/jdk.internal.reflect.DelegatingMethodAccessorImpl.invoke(DelegatingMethodAccessorImpl.java:43)
at java.base/java.lang.reflect.Method.invoke(Method.java:568)
at org.testng.internal.invokers.MethodInvocationHelper.invokeMethod(MethodInvocationHelper.java:139)
at org.testng.internal.invokers.TestInvoker.invokeMethod(TestInvoker.java:677)
at org.testng.internal.invokers.TestInvoker.invokeTestMethod(TestInvoker.java:221)
at org.testng.internal.invokers.MethodRunner.runInSequence(MethodRunner.java:50)
at org.testng.internal.invokers.TestInvoker$MethodInvocationAgent.invoke(TestInvoker.java:962)
at org.testng.internal.invokers.TestInvoker.invokeTestMethods(TestInvoker.java:194)
at org.testng.internal.invokers.TestMethodWorker.invokeTestMethods(TestMethodWorker.java:148)
at org.testng.internal.invokers.TestMethodWorker.run(TestMethodWorker.java:128)
at java.base/java.util.ArrayList.forEach(ArrayList.java:1511)
at org.testng.TestRunner.privateRun(TestRunner.java:806)
at org.testng.TestRunner.run(TestRunner.java:601)
at org.testng.SuiteRunner.runTest(SuiteRunner.java:433)
at org.testng.SuiteRunner.runSequentially(SuiteRunner.java:427)
at org.testng.SuiteRunner.privateRun(SuiteRunner.java:387)
at org.testng.SuiteRunner.run(SuiteRunner.java:330)
at org.testng.SuiteRunnerWorker.runSuite(SuiteRunnerWorker.java:52)
at org.testng.SuiteRunnerWorker.run(SuiteRunnerWorker.java:95)
at org.testng.TestNG.runSuitesSequentially(TestNG.java:1256)
at org.testng.TestNG.runSuitesLocally(TestNG.java:1176)
at org.testng.TestNG.runSuites(TestNG.java:1099)
at org.testng.TestNG.run(TestNG.java:1067)
at org.testng.remote.AbstractRemoteTestNG.run(AbstractRemoteTestNG.java:115)
at org.testng.remote.RemoteTestNG.initAndRun(RemoteTestNG.java:251)
at org.testng.remote.RemoteTestNG.main(RemoteTestNG.java:77)
]]>
    </error>
  </testcase> <!-- ViewDocument -->
  <system-out/>
  <testcase classname="CompanySecretoryTest.EntityTestCases" name="DownloadDocument" time="20.532">
    <error message="no such element: Unable to locate element: {&quot;method&quot;:&quot;xpath&quot;,&quot;selector&quot;:&quot;//*[@id=&#039;gridbank_active_cell&#039;]/a[1]/span/img&quot;}
  (Session info: chrome=114.0.5735.110)
For documentation on this error, please visit: http://seleniumhq.org/exceptions/no_such_element.html
Build info: version: &#039;3.141.0&#039;, revision: &#039;2ecb7d9a&#039;, time: &#039;2018-10-31T20:09:30&#039;
System info: host: &#039;DESKTOP-6RDAJ8O&#039;, ip: &#039;192.168.0.106&#039;, os.name: &#039;Windows 11&#039;, os.arch: &#039;amd64&#039;, os.version: &#039;10.0&#039;, java.version: &#039;17.0.4&#039;
Driver info: org.openqa.selenium.chrome.ChromeDriver
Capabilities {acceptInsecureCerts: false, browserName: chrome, browserVersion: 114.0.5735.110, chrome: {chromedriverVersion: 114.0.5735.90 (386bc09e8f4f..., userDataDir: C:\Users\Admin\AppData\Loca...}, goog:chromeOptions: {debuggerAddress: localhost:64749}, javascriptEnabled: true, networkConnectionEnabled: false, pageLoadStrategy: normal, platform: WINDOWS, platformName: WINDOWS, proxy: Proxy(), setWindowRect: true, strictFileInteractability: false, timeouts: {implicit: 0, pageLoad: 300000, script: 30000}, unhandledPromptBehavior: dismiss and notify, webauthn:extension:credBlob: true, webauthn:extension:largeBlob: true, webauthn:extension:minPinLength: true, webauthn:extension:prf: true, webauthn:virtualAuthenticators: true}
Session ID: 0b9161c4424c085cf4649c85e527643b
*** Element info: {Using=xpath, value=//*[@id=&#039;gridbank_active_cell&#039;]/a[1]/span/img}" type="org.openqa.selenium.NoSuchElementException">
      <![CDATA[org.openqa.selenium.NoSuchElementException: no such element: Unable to locate element: {"method":"xpath","selector":"//*[@id='gridbank_active_cell']/a[1]/span/img"}
  (Session info: chrome=114.0.5735.110)
For documentation on this error, please visit: http://seleniumhq.org/exceptions/no_such_element.html
Build info: version: '3.141.0', revision: '2ecb7d9a', time: '2018-10-31T20:09:30'
System info: host: 'DESKTOP-6RDAJ8O', ip: '192.168.0.106', os.name: 'Windows 11', os.arch: 'amd64', os.version: '10.0', java.version: '17.0.4'
Driver info: org.openqa.selenium.chrome.ChromeDriver
Capabilities {acceptInsecureCerts: false, browserName: chrome, browserVersion: 114.0.5735.110, chrome: {chromedriverVersion: 114.0.5735.90 (386bc09e8f4f..., userDataDir: C:\Users\Admin\AppData\Loca...}, goog:chromeOptions: {debuggerAddress: localhost:64749}, javascriptEnabled: true, networkConnectionEnabled: false, pageLoadStrategy: normal, platform: WINDOWS, platformName: WINDOWS, proxy: Proxy(), setWindowRect: true, strictFileInteractability: false, timeouts: {implicit: 0, pageLoad: 300000, script: 30000}, unhandledPromptBehavior: dismiss and notify, webauthn:extension:credBlob: true, webauthn:extension:largeBlob: true, webauthn:extension:minPinLength: true, webauthn:extension:prf: true, webauthn:virtualAuthenticators: true}
Session ID: 0b9161c4424c085cf4649c85e527643b
*** Element info: {Using=xpath, value=//*[@id='gridbank_active_cell']/a[1]/span/img}
at java.base/jdk.internal.reflect.NativeConstructorAccessorImpl.newInstance0(Native Method)
at java.base/jdk.internal.reflect.NativeConstructorAccessorImpl.newInstance(NativeConstructorAccessorImpl.java:77)
at java.base/jdk.internal.reflect.DelegatingConstructorAccessorImpl.newInstance(DelegatingConstructorAccessorImpl.java:45)
at java.base/java.lang.reflect.Constructor.newInstanceWithCaller(Constructor.java:499)
at java.base/java.lang.reflect.Constructor.newInstance(Constructor.java:480)
at org.openqa.selenium.remote.http.W3CHttpResponseCodec.createException(W3CHttpResponseCodec.java:187)
at org.openqa.selenium.remote.http.W3CHttpResponseCodec.decode(W3CHttpResponseCodec.java:122)
at org.openqa.selenium.remote.http.W3CHttpResponseCodec.decode(W3CHttpResponseCodec.java:49)
at org.openqa.selenium.remote.HttpCommandExecutor.execute(HttpCommandExecutor.java:158)
at org.openqa.selenium.remote.service.DriverCommandExecutor.execute(DriverCommandExecutor.java:83)
at org.openqa.selenium.remote.RemoteWebDriver.execute(RemoteWebDriver.java:552)
at org.openqa.selenium.remote.RemoteWebDriver.findElement(RemoteWebDriver.java:323)
at org.openqa.selenium.remote.RemoteWebDriver.findElementByXPath(RemoteWebDriver.java:428)
at org.openqa.selenium.By$ByXPath.findElement(By.java:353)
at org.openqa.selenium.remote.RemoteWebDriver.findElement(RemoteWebDriver.java:315)
at CompnaySecretory.EntityLocator.clickEditIcon(EntityLocator.java:253)
at CompnaySecretory.EntityMasterMethod.DownloadDocument(EntityMasterMethod.java:1028)
at CompanySecretoryTest.EntityTestCases.DownloadDocument(EntityTestCases.java:338)
at java.base/jdk.internal.reflect.NativeMethodAccessorImpl.invoke0(Native Method)
at java.base/jdk.internal.reflect.NativeMethodAccessorImpl.invoke(NativeMethodAccessorImpl.java:77)
at java.base/jdk.internal.reflect.DelegatingMethodAccessorImpl.invoke(DelegatingMethodAccessorImpl.java:43)
at java.base/java.lang.reflect.Method.invoke(Method.java:568)
at org.testng.internal.invokers.MethodInvocationHelper.invokeMethod(MethodInvocationHelper.java:139)
at org.testng.internal.invokers.TestInvoker.invokeMethod(TestInvoker.java:677)
at org.testng.internal.invokers.TestInvoker.invokeTestMethod(TestInvoker.java:221)
at org.testng.internal.invokers.MethodRunner.runInSequence(MethodRunner.java:50)
at org.testng.internal.invokers.TestInvoker$MethodInvocationAgent.invoke(TestInvoker.java:962)
at org.testng.internal.invokers.TestInvoker.invokeTestMethods(TestInvoker.java:194)
at org.testng.internal.invokers.TestMethodWorker.invokeTestMethods(TestMethodWorker.java:148)
at org.testng.internal.invokers.TestMethodWorker.run(TestMethodWorker.java:128)
at java.base/java.util.ArrayList.forEach(ArrayList.java:1511)
at org.testng.TestRunner.privateRun(TestRunner.java:806)
at org.testng.TestRunner.run(TestRunner.java:601)
at org.testng.SuiteRunner.runTest(SuiteRunner.java:433)
at org.testng.SuiteRunner.runSequentially(SuiteRunner.java:427)
at org.testng.SuiteRunner.privateRun(SuiteRunner.java:387)
at org.testng.SuiteRunner.run(SuiteRunner.java:330)
at org.testng.SuiteRunnerWorker.runSuite(SuiteRunnerWorker.java:52)
at org.testng.SuiteRunnerWorker.run(SuiteRunnerWorker.java:95)
at org.testng.TestNG.runSuitesSequentially(TestNG.java:1256)
at org.testng.TestNG.runSuitesLocally(TestNG.java:1176)
at org.testng.TestNG.runSuites(TestNG.java:1099)
at org.testng.TestNG.run(TestNG.java:1067)
at org.testng.remote.AbstractRemoteTestNG.run(AbstractRemoteTestNG.java:115)
at org.testng.remote.RemoteTestNG.initAndRun(RemoteTestNG.java:251)
at org.testng.remote.RemoteTestNG.main(RemoteTestNG.java:77)
]]>
    </error>
  </testcase> <!-- DownloadDocument -->
  <system-out/>
  <testcase classname="CompanySecretoryTest.EntityTestCases" name="DeleteDocument" time="20.945">
    <error message="no such element: Unable to locate element: {&quot;method&quot;:&quot;xpath&quot;,&quot;selector&quot;:&quot;//*[@id=&#039;gridbank_active_cell&#039;]/a[1]/span/img&quot;}
  (Session info: chrome=114.0.5735.110)
For documentation on this error, please visit: http://seleniumhq.org/exceptions/no_such_element.html
Build info: version: &#039;3.141.0&#039;, revision: &#039;2ecb7d9a&#039;, time: &#039;2018-10-31T20:09:30&#039;
System info: host: &#039;DESKTOP-6RDAJ8O&#039;, ip: &#039;192.168.0.106&#039;, os.name: &#039;Windows 11&#039;, os.arch: &#039;amd64&#039;, os.version: &#039;10.0&#039;, java.version: &#039;17.0.4&#039;
Driver info: org.openqa.selenium.chrome.ChromeDriver
Capabilities {acceptInsecureCerts: false, browserName: chrome, browserVersion: 114.0.5735.110, chrome: {chromedriverVersion: 114.0.5735.90 (386bc09e8f4f..., userDataDir: C:\Users\Admin\AppData\Loca...}, goog:chromeOptions: {debuggerAddress: localhost:64796}, javascriptEnabled: true, networkConnectionEnabled: false, pageLoadStrategy: normal, platform: WINDOWS, platformName: WINDOWS, proxy: Proxy(), setWindowRect: true, strictFileInteractability: false, timeouts: {implicit: 0, pageLoad: 300000, script: 30000}, unhandledPromptBehavior: dismiss and notify, webauthn:extension:credBlob: true, webauthn:extension:largeBlob: true, webauthn:extension:minPinLength: true, webauthn:extension:prf: true, webauthn:virtualAuthenticators: true}
Session ID: c2246f0e5e79d1471269d425ac71ae35
*** Element info: {Using=xpath, value=//*[@id=&#039;gridbank_active_cell&#039;]/a[1]/span/img}" type="org.openqa.selenium.NoSuchElementException">
      <![CDATA[org.openqa.selenium.NoSuchElementException: no such element: Unable to locate element: {"method":"xpath","selector":"//*[@id='gridbank_active_cell']/a[1]/span/img"}
  (Session info: chrome=114.0.5735.110)
For documentation on this error, please visit: http://seleniumhq.org/exceptions/no_such_element.html
Build info: version: '3.141.0', revision: '2ecb7d9a', time: '2018-10-31T20:09:30'
System info: host: 'DESKTOP-6RDAJ8O', ip: '192.168.0.106', os.name: 'Windows 11', os.arch: 'amd64', os.version: '10.0', java.version: '17.0.4'
Driver info: org.openqa.selenium.chrome.ChromeDriver
Capabilities {acceptInsecureCerts: false, browserName: chrome, browserVersion: 114.0.5735.110, chrome: {chromedriverVersion: 114.0.5735.90 (386bc09e8f4f..., userDataDir: C:\Users\Admin\AppData\Loca...}, goog:chromeOptions: {debuggerAddress: localhost:64796}, javascriptEnabled: true, networkConnectionEnabled: false, pageLoadStrategy: normal, platform: WINDOWS, platformName: WINDOWS, proxy: Proxy(), setWindowRect: true, strictFileInteractability: false, timeouts: {implicit: 0, pageLoad: 300000, script: 30000}, unhandledPromptBehavior: dismiss and notify, webauthn:extension:credBlob: true, webauthn:extension:largeBlob: true, webauthn:extension:minPinLength: true, webauthn:extension:prf: true, webauthn:virtualAuthenticators: true}
Session ID: c2246f0e5e79d1471269d425ac71ae35
*** Element info: {Using=xpath, value=//*[@id='gridbank_active_cell']/a[1]/span/img}
at java.base/jdk.internal.reflect.NativeConstructorAccessorImpl.newInstance0(Native Method)
at java.base/jdk.internal.reflect.NativeConstructorAccessorImpl.newInstance(NativeConstructorAccessorImpl.java:77)
at java.base/jdk.internal.reflect.DelegatingConstructorAccessorImpl.newInstance(DelegatingConstructorAccessorImpl.java:45)
at java.base/java.lang.reflect.Constructor.newInstanceWithCaller(Constructor.java:499)
at java.base/java.lang.reflect.Constructor.newInstance(Constructor.java:480)
at org.openqa.selenium.remote.http.W3CHttpResponseCodec.createException(W3CHttpResponseCodec.java:187)
at org.openqa.selenium.remote.http.W3CHttpResponseCodec.decode(W3CHttpResponseCodec.java:122)
at org.openqa.selenium.remote.http.W3CHttpResponseCodec.decode(W3CHttpResponseCodec.java:49)
at org.openqa.selenium.remote.HttpCommandExecutor.execute(HttpCommandExecutor.java:158)
at org.openqa.selenium.remote.service.DriverCommandExecutor.execute(DriverCommandExecutor.java:83)
at org.openqa.selenium.remote.RemoteWebDriver.execute(RemoteWebDriver.java:552)
at org.openqa.selenium.remote.RemoteWebDriver.findElement(RemoteWebDriver.java:323)
at org.openqa.selenium.remote.RemoteWebDriver.findElementByXPath(RemoteWebDriver.java:428)
at org.openqa.selenium.By$ByXPath.findElement(By.java:353)
at org.openqa.selenium.remote.RemoteWebDriver.findElement(RemoteWebDriver.java:315)
at CompnaySecretory.EntityLocator.clickEditIcon(EntityLocator.java:253)
at CompnaySecretory.EntityMasterMethod.DeleteDocument(EntityMasterMethod.java:1073)
at CompanySecretoryTest.EntityTestCases.DeleteDocument(EntityTestCases.java:349)
at java.base/jdk.internal.reflect.NativeMethodAccessorImpl.invoke0(Native Method)
at java.base/jdk.internal.reflect.NativeMethodAccessorImpl.invoke(NativeMethodAccessorImpl.java:77)
at java.base/jdk.internal.reflect.DelegatingMethodAccessorImpl.invoke(DelegatingMethodAccessorImpl.java:43)
at java.base/java.lang.reflect.Method.invoke(Method.java:568)
at org.testng.internal.invokers.MethodInvocationHelper.invokeMethod(MethodInvocationHelper.java:139)
at org.testng.internal.invokers.TestInvoker.invokeMethod(TestInvoker.java:677)
at org.testng.internal.invokers.TestInvoker.invokeTestMethod(TestInvoker.java:221)
at org.testng.internal.invokers.MethodRunner.runInSequence(MethodRunner.java:50)
at org.testng.internal.invokers.TestInvoker$MethodInvocationAgent.invoke(TestInvoker.java:962)
at org.testng.internal.invokers.TestInvoker.invokeTestMethods(TestInvoker.java:194)
at org.testng.internal.invokers.TestMethodWorker.invokeTestMethods(TestMethodWorker.java:148)
at org.testng.internal.invokers.TestMethodWorker.run(TestMethodWorker.java:128)
at java.base/java.util.ArrayList.forEach(ArrayList.java:1511)
at org.testng.TestRunner.privateRun(TestRunner.java:806)
at org.testng.TestRunner.run(TestRunner.java:601)
at org.testng.SuiteRunner.runTest(SuiteRunner.java:433)
at org.testng.SuiteRunner.runSequentially(SuiteRunner.java:427)
at org.testng.SuiteRunner.privateRun(SuiteRunner.java:387)
at org.testng.SuiteRunner.run(SuiteRunner.java:330)
at org.testng.SuiteRunnerWorker.runSuite(SuiteRunnerWorker.java:52)
at org.testng.SuiteRunnerWorker.run(SuiteRunnerWorker.java:95)
at org.testng.TestNG.runSuitesSequentially(TestNG.java:1256)
at org.testng.TestNG.runSuitesLocally(TestNG.java:1176)
at org.testng.TestNG.runSuites(TestNG.java:1099)
at org.testng.TestNG.run(TestNG.java:1067)
at org.testng.remote.AbstractRemoteTestNG.run(AbstractRemoteTestNG.java:115)
at org.testng.remote.RemoteTestNG.initAndRun(RemoteTestNG.java:251)
at org.testng.remote.RemoteTestNG.main(RemoteTestNG.java:77)
]]>
    </error>
  </testcase> <!-- DeleteDocument -->
  <system-out/>
  <testcase classname="CompanySecretoryTest.EntityTestCases" name="AddAOA" time="21.390">
    <error message="no such element: Unable to locate element: {&quot;method&quot;:&quot;xpath&quot;,&quot;selector&quot;:&quot;//*[@id=&#039;gridbank_active_cell&#039;]/a[1]/span/img&quot;}
  (Session info: chrome=114.0.5735.110)
For documentation on this error, please visit: http://seleniumhq.org/exceptions/no_such_element.html
Build info: version: &#039;3.141.0&#039;, revision: &#039;2ecb7d9a&#039;, time: &#039;2018-10-31T20:09:30&#039;
System info: host: &#039;DESKTOP-6RDAJ8O&#039;, ip: &#039;192.168.0.106&#039;, os.name: &#039;Windows 11&#039;, os.arch: &#039;amd64&#039;, os.version: &#039;10.0&#039;, java.version: &#039;17.0.4&#039;
Driver info: org.openqa.selenium.chrome.ChromeDriver
Capabilities {acceptInsecureCerts: false, browserName: chrome, browserVersion: 114.0.5735.110, chrome: {chromedriverVersion: 114.0.5735.90 (386bc09e8f4f..., userDataDir: C:\Users\Admin\AppData\Loca...}, goog:chromeOptions: {debuggerAddress: localhost:64845}, javascriptEnabled: true, networkConnectionEnabled: false, pageLoadStrategy: normal, platform: WINDOWS, platformName: WINDOWS, proxy: Proxy(), setWindowRect: true, strictFileInteractability: false, timeouts: {implicit: 0, pageLoad: 300000, script: 30000}, unhandledPromptBehavior: dismiss and notify, webauthn:extension:credBlob: true, webauthn:extension:largeBlob: true, webauthn:extension:minPinLength: true, webauthn:extension:prf: true, webauthn:virtualAuthenticators: true}
Session ID: bf3e18f5c37ca95f0e2e07dd7deb1188
*** Element info: {Using=xpath, value=//*[@id=&#039;gridbank_active_cell&#039;]/a[1]/span/img}" type="org.openqa.selenium.NoSuchElementException">
      <![CDATA[org.openqa.selenium.NoSuchElementException: no such element: Unable to locate element: {"method":"xpath","selector":"//*[@id='gridbank_active_cell']/a[1]/span/img"}
  (Session info: chrome=114.0.5735.110)
For documentation on this error, please visit: http://seleniumhq.org/exceptions/no_such_element.html
Build info: version: '3.141.0', revision: '2ecb7d9a', time: '2018-10-31T20:09:30'
System info: host: 'DESKTOP-6RDAJ8O', ip: '192.168.0.106', os.name: 'Windows 11', os.arch: 'amd64', os.version: '10.0', java.version: '17.0.4'
Driver info: org.openqa.selenium.chrome.ChromeDriver
Capabilities {acceptInsecureCerts: false, browserName: chrome, browserVersion: 114.0.5735.110, chrome: {chromedriverVersion: 114.0.5735.90 (386bc09e8f4f..., userDataDir: C:\Users\Admin\AppData\Loca...}, goog:chromeOptions: {debuggerAddress: localhost:64845}, javascriptEnabled: true, networkConnectionEnabled: false, pageLoadStrategy: normal, platform: WINDOWS, platformName: WINDOWS, proxy: Proxy(), setWindowRect: true, strictFileInteractability: false, timeouts: {implicit: 0, pageLoad: 300000, script: 30000}, unhandledPromptBehavior: dismiss and notify, webauthn:extension:credBlob: true, webauthn:extension:largeBlob: true, webauthn:extension:minPinLength: true, webauthn:extension:prf: true, webauthn:virtualAuthenticators: true}
Session ID: bf3e18f5c37ca95f0e2e07dd7deb1188
*** Element info: {Using=xpath, value=//*[@id='gridbank_active_cell']/a[1]/span/img}
at java.base/jdk.internal.reflect.NativeConstructorAccessorImpl.newInstance0(Native Method)
at java.base/jdk.internal.reflect.NativeConstructorAccessorImpl.newInstance(NativeConstructorAccessorImpl.java:77)
at java.base/jdk.internal.reflect.DelegatingConstructorAccessorImpl.newInstance(DelegatingConstructorAccessorImpl.java:45)
at java.base/java.lang.reflect.Constructor.newInstanceWithCaller(Constructor.java:499)
at java.base/java.lang.reflect.Constructor.newInstance(Constructor.java:480)
at org.openqa.selenium.remote.http.W3CHttpResponseCodec.createException(W3CHttpResponseCodec.java:187)
at org.openqa.selenium.remote.http.W3CHttpResponseCodec.decode(W3CHttpResponseCodec.java:122)
at org.openqa.selenium.remote.http.W3CHttpResponseCodec.decode(W3CHttpResponseCodec.java:49)
at org.openqa.selenium.remote.HttpCommandExecutor.execute(HttpCommandExecutor.java:158)
at org.openqa.selenium.remote.service.DriverCommandExecutor.execute(DriverCommandExecutor.java:83)
at org.openqa.selenium.remote.RemoteWebDriver.execute(RemoteWebDriver.java:552)
at org.openqa.selenium.remote.RemoteWebDriver.findElement(RemoteWebDriver.java:323)
at org.openqa.selenium.remote.RemoteWebDriver.findElementByXPath(RemoteWebDriver.java:428)
at org.openqa.selenium.By$ByXPath.findElement(By.java:353)
at org.openqa.selenium.remote.RemoteWebDriver.findElement(RemoteWebDriver.java:315)
at CompnaySecretory.EntityLocator.clickEditIcon(EntityLocator.java:253)
at CompnaySecretory.EntityMasterMethod.AddAOA(EntityMasterMethod.java:1110)
at CompanySecretoryTest.EntityTestCases.AddAOA(EntityTestCases.java:360)
at java.base/jdk.internal.reflect.NativeMethodAccessorImpl.invoke0(Native Method)
at java.base/jdk.internal.reflect.NativeMethodAccessorImpl.invoke(NativeMethodAccessorImpl.java:77)
at java.base/jdk.internal.reflect.DelegatingMethodAccessorImpl.invoke(DelegatingMethodAccessorImpl.java:43)
at java.base/java.lang.reflect.Method.invoke(Method.java:568)
at org.testng.internal.invokers.MethodInvocationHelper.invokeMethod(MethodInvocationHelper.java:139)
at org.testng.internal.invokers.TestInvoker.invokeMethod(TestInvoker.java:677)
at org.testng.internal.invokers.TestInvoker.invokeTestMethod(TestInvoker.java:221)
at org.testng.internal.invokers.MethodRunner.runInSequence(MethodRunner.java:50)
at org.testng.internal.invokers.TestInvoker$MethodInvocationAgent.invoke(TestInvoker.java:962)
at org.testng.internal.invokers.TestInvoker.invokeTestMethods(TestInvoker.java:194)
at org.testng.internal.invokers.TestMethodWorker.invokeTestMethods(TestMethodWorker.java:148)
at org.testng.internal.invokers.TestMethodWorker.run(TestMethodWorker.java:128)
at java.base/java.util.ArrayList.forEach(ArrayList.java:1511)
at org.testng.TestRunner.privateRun(TestRunner.java:806)
at org.testng.TestRunner.run(TestRunner.java:601)
at org.testng.SuiteRunner.runTest(SuiteRunner.java:433)
at org.testng.SuiteRunner.runSequentially(SuiteRunner.java:427)
at org.testng.SuiteRunner.privateRun(SuiteRunner.java:387)
at org.testng.SuiteRunner.run(SuiteRunner.java:330)
at org.testng.SuiteRunnerWorker.runSuite(SuiteRunnerWorker.java:52)
at org.testng.SuiteRunnerWorker.run(SuiteRunnerWorker.java:95)
at org.testng.TestNG.runSuitesSequentially(TestNG.java:1256)
at org.testng.TestNG.runSuitesLocally(TestNG.java:1176)
at org.testng.TestNG.runSuites(TestNG.java:1099)
at org.testng.TestNG.run(TestNG.java:1067)
at org.testng.remote.AbstractRemoteTestNG.run(AbstractRemoteTestNG.java:115)
at org.testng.remote.RemoteTestNG.initAndRun(RemoteTestNG.java:251)
at org.testng.remote.RemoteTestNG.main(RemoteTestNG.java:77)
]]>
    </error>
  </testcase> <!-- AddAOA -->
  <system-out/>
  <testcase classname="CompanySecretoryTest.EntityTestCases" name="ExistingAOADocument" time="21.249">
    <error message="no such element: Unable to locate element: {&quot;method&quot;:&quot;xpath&quot;,&quot;selector&quot;:&quot;//*[@id=&#039;gridbank_active_cell&#039;]/a[1]/span/img&quot;}
  (Session info: chrome=114.0.5735.110)
For documentation on this error, please visit: http://seleniumhq.org/exceptions/no_such_element.html
Build info: version: &#039;3.141.0&#039;, revision: &#039;2ecb7d9a&#039;, time: &#039;2018-10-31T20:09:30&#039;
System info: host: &#039;DESKTOP-6RDAJ8O&#039;, ip: &#039;192.168.0.106&#039;, os.name: &#039;Windows 11&#039;, os.arch: &#039;amd64&#039;, os.version: &#039;10.0&#039;, java.version: &#039;17.0.4&#039;
Driver info: org.openqa.selenium.chrome.ChromeDriver
Capabilities {acceptInsecureCerts: false, browserName: chrome, browserVersion: 114.0.5735.110, chrome: {chromedriverVersion: 114.0.5735.90 (386bc09e8f4f..., userDataDir: C:\Users\Admin\AppData\Loca...}, goog:chromeOptions: {debuggerAddress: localhost:64897}, javascriptEnabled: true, networkConnectionEnabled: false, pageLoadStrategy: normal, platform: WINDOWS, platformName: WINDOWS, proxy: Proxy(), setWindowRect: true, strictFileInteractability: false, timeouts: {implicit: 0, pageLoad: 300000, script: 30000}, unhandledPromptBehavior: dismiss and notify, webauthn:extension:credBlob: true, webauthn:extension:largeBlob: true, webauthn:extension:minPinLength: true, webauthn:extension:prf: true, webauthn:virtualAuthenticators: true}
Session ID: 8f2144fe503559a5a2c572c9bdc11ca5
*** Element info: {Using=xpath, value=//*[@id=&#039;gridbank_active_cell&#039;]/a[1]/span/img}" type="org.openqa.selenium.NoSuchElementException">
      <![CDATA[org.openqa.selenium.NoSuchElementException: no such element: Unable to locate element: {"method":"xpath","selector":"//*[@id='gridbank_active_cell']/a[1]/span/img"}
  (Session info: chrome=114.0.5735.110)
For documentation on this error, please visit: http://seleniumhq.org/exceptions/no_such_element.html
Build info: version: '3.141.0', revision: '2ecb7d9a', time: '2018-10-31T20:09:30'
System info: host: 'DESKTOP-6RDAJ8O', ip: '192.168.0.106', os.name: 'Windows 11', os.arch: 'amd64', os.version: '10.0', java.version: '17.0.4'
Driver info: org.openqa.selenium.chrome.ChromeDriver
Capabilities {acceptInsecureCerts: false, browserName: chrome, browserVersion: 114.0.5735.110, chrome: {chromedriverVersion: 114.0.5735.90 (386bc09e8f4f..., userDataDir: C:\Users\Admin\AppData\Loca...}, goog:chromeOptions: {debuggerAddress: localhost:64897}, javascriptEnabled: true, networkConnectionEnabled: false, pageLoadStrategy: normal, platform: WINDOWS, platformName: WINDOWS, proxy: Proxy(), setWindowRect: true, strictFileInteractability: false, timeouts: {implicit: 0, pageLoad: 300000, script: 30000}, unhandledPromptBehavior: dismiss and notify, webauthn:extension:credBlob: true, webauthn:extension:largeBlob: true, webauthn:extension:minPinLength: true, webauthn:extension:prf: true, webauthn:virtualAuthenticators: true}
Session ID: 8f2144fe503559a5a2c572c9bdc11ca5
*** Element info: {Using=xpath, value=//*[@id='gridbank_active_cell']/a[1]/span/img}
at java.base/jdk.internal.reflect.NativeConstructorAccessorImpl.newInstance0(Native Method)
at java.base/jdk.internal.reflect.NativeConstructorAccessorImpl.newInstance(NativeConstructorAccessorImpl.java:77)
at java.base/jdk.internal.reflect.DelegatingConstructorAccessorImpl.newInstance(DelegatingConstructorAccessorImpl.java:45)
at java.base/java.lang.reflect.Constructor.newInstanceWithCaller(Constructor.java:499)
at java.base/java.lang.reflect.Constructor.newInstance(Constructor.java:480)
at org.openqa.selenium.remote.http.W3CHttpResponseCodec.createException(W3CHttpResponseCodec.java:187)
at org.openqa.selenium.remote.http.W3CHttpResponseCodec.decode(W3CHttpResponseCodec.java:122)
at org.openqa.selenium.remote.http.W3CHttpResponseCodec.decode(W3CHttpResponseCodec.java:49)
at org.openqa.selenium.remote.HttpCommandExecutor.execute(HttpCommandExecutor.java:158)
at org.openqa.selenium.remote.service.DriverCommandExecutor.execute(DriverCommandExecutor.java:83)
at org.openqa.selenium.remote.RemoteWebDriver.execute(RemoteWebDriver.java:552)
at org.openqa.selenium.remote.RemoteWebDriver.findElement(RemoteWebDriver.java:323)
at org.openqa.selenium.remote.RemoteWebDriver.findElementByXPath(RemoteWebDriver.java:428)
at org.openqa.selenium.By$ByXPath.findElement(By.java:353)
at org.openqa.selenium.remote.RemoteWebDriver.findElement(RemoteWebDriver.java:315)
at CompnaySecretory.EntityLocator.clickEditIcon(EntityLocator.java:253)
at CompnaySecretory.EntityMasterMethod.ExistingAOADocument(EntityMasterMethod.java:1160)
at CompanySecretoryTest.EntityTestCases.ExistingAOADocument(EntityTestCases.java:371)
at java.base/jdk.internal.reflect.NativeMethodAccessorImpl.invoke0(Native Method)
at java.base/jdk.internal.reflect.NativeMethodAccessorImpl.invoke(NativeMethodAccessorImpl.java:77)
at java.base/jdk.internal.reflect.DelegatingMethodAccessorImpl.invoke(DelegatingMethodAccessorImpl.java:43)
at java.base/java.lang.reflect.Method.invoke(Method.java:568)
at org.testng.internal.invokers.MethodInvocationHelper.invokeMethod(MethodInvocationHelper.java:139)
at org.testng.internal.invokers.TestInvoker.invokeMethod(TestInvoker.java:677)
at org.testng.internal.invokers.TestInvoker.invokeTestMethod(TestInvoker.java:221)
at org.testng.internal.invokers.MethodRunner.runInSequence(MethodRunner.java:50)
at org.testng.internal.invokers.TestInvoker$MethodInvocationAgent.invoke(TestInvoker.java:962)
at org.testng.internal.invokers.TestInvoker.invokeTestMethods(TestInvoker.java:194)
at org.testng.internal.invokers.TestMethodWorker.invokeTestMethods(TestMethodWorker.java:148)
at org.testng.internal.invokers.TestMethodWorker.run(TestMethodWorker.java:128)
at java.base/java.util.ArrayList.forEach(ArrayList.java:1511)
at org.testng.TestRunner.privateRun(TestRunner.java:806)
at org.testng.TestRunner.run(TestRunner.java:601)
at org.testng.SuiteRunner.runTest(SuiteRunner.java:433)
at org.testng.SuiteRunner.runSequentially(SuiteRunner.java:427)
at org.testng.SuiteRunner.privateRun(SuiteRunner.java:387)
at org.testng.SuiteRunner.run(SuiteRunner.java:330)
at org.testng.SuiteRunnerWorker.runSuite(SuiteRunnerWorker.java:52)
at org.testng.SuiteRunnerWorker.run(SuiteRunnerWorker.java:95)
at org.testng.TestNG.runSuitesSequentially(TestNG.java:1256)
at org.testng.TestNG.runSuitesLocally(TestNG.java:1176)
at org.testng.TestNG.runSuites(TestNG.java:1099)
at org.testng.TestNG.run(TestNG.java:1067)
at org.testng.remote.AbstractRemoteTestNG.run(AbstractRemoteTestNG.java:115)
at org.testng.remote.RemoteTestNG.initAndRun(RemoteTestNG.java:251)
at org.testng.remote.RemoteTestNG.main(RemoteTestNG.java:77)
]]>
    </error>
  </testcase> <!-- ExistingAOADocument -->
  <system-out/>
  <testcase classname="CompanySecretoryTest.EntityTestCases" name="WithoutEnterignAOADocument" time="21.564">
    <error message="no such element: Unable to locate element: {&quot;method&quot;:&quot;xpath&quot;,&quot;selector&quot;:&quot;//*[@id=&#039;gridbank_active_cell&#039;]/a[1]/span/img&quot;}
  (Session info: chrome=114.0.5735.110)
For documentation on this error, please visit: http://seleniumhq.org/exceptions/no_such_element.html
Build info: version: &#039;3.141.0&#039;, revision: &#039;2ecb7d9a&#039;, time: &#039;2018-10-31T20:09:30&#039;
System info: host: &#039;DESKTOP-6RDAJ8O&#039;, ip: &#039;192.168.0.106&#039;, os.name: &#039;Windows 11&#039;, os.arch: &#039;amd64&#039;, os.version: &#039;10.0&#039;, java.version: &#039;17.0.4&#039;
Driver info: org.openqa.selenium.chrome.ChromeDriver
Capabilities {acceptInsecureCerts: false, browserName: chrome, browserVersion: 114.0.5735.110, chrome: {chromedriverVersion: 114.0.5735.90 (386bc09e8f4f..., userDataDir: C:\Users\Admin\AppData\Loca...}, goog:chromeOptions: {debuggerAddress: localhost:64946}, javascriptEnabled: true, networkConnectionEnabled: false, pageLoadStrategy: normal, platform: WINDOWS, platformName: WINDOWS, proxy: Proxy(), setWindowRect: true, strictFileInteractability: false, timeouts: {implicit: 0, pageLoad: 300000, script: 30000}, unhandledPromptBehavior: dismiss and notify, webauthn:extension:credBlob: true, webauthn:extension:largeBlob: true, webauthn:extension:minPinLength: true, webauthn:extension:prf: true, webauthn:virtualAuthenticators: true}
Session ID: 4ddb9dde4e32222c87b92082f2aa1d20
*** Element info: {Using=xpath, value=//*[@id=&#039;gridbank_active_cell&#039;]/a[1]/span/img}" type="org.openqa.selenium.NoSuchElementException">
      <![CDATA[org.openqa.selenium.NoSuchElementException: no such element: Unable to locate element: {"method":"xpath","selector":"//*[@id='gridbank_active_cell']/a[1]/span/img"}
  (Session info: chrome=114.0.5735.110)
For documentation on this error, please visit: http://seleniumhq.org/exceptions/no_such_element.html
Build info: version: '3.141.0', revision: '2ecb7d9a', time: '2018-10-31T20:09:30'
System info: host: 'DESKTOP-6RDAJ8O', ip: '192.168.0.106', os.name: 'Windows 11', os.arch: 'amd64', os.version: '10.0', java.version: '17.0.4'
Driver info: org.openqa.selenium.chrome.ChromeDriver
Capabilities {acceptInsecureCerts: false, browserName: chrome, browserVersion: 114.0.5735.110, chrome: {chromedriverVersion: 114.0.5735.90 (386bc09e8f4f..., userDataDir: C:\Users\Admin\AppData\Loca...}, goog:chromeOptions: {debuggerAddress: localhost:64946}, javascriptEnabled: true, networkConnectionEnabled: false, pageLoadStrategy: normal, platform: WINDOWS, platformName: WINDOWS, proxy: Proxy(), setWindowRect: true, strictFileInteractability: false, timeouts: {implicit: 0, pageLoad: 300000, script: 30000}, unhandledPromptBehavior: dismiss and notify, webauthn:extension:credBlob: true, webauthn:extension:largeBlob: true, webauthn:extension:minPinLength: true, webauthn:extension:prf: true, webauthn:virtualAuthenticators: true}
Session ID: 4ddb9dde4e32222c87b92082f2aa1d20
*** Element info: {Using=xpath, value=//*[@id='gridbank_active_cell']/a[1]/span/img}
at java.base/jdk.internal.reflect.NativeConstructorAccessorImpl.newInstance0(Native Method)
at java.base/jdk.internal.reflect.NativeConstructorAccessorImpl.newInstance(NativeConstructorAccessorImpl.java:77)
at java.base/jdk.internal.reflect.DelegatingConstructorAccessorImpl.newInstance(DelegatingConstructorAccessorImpl.java:45)
at java.base/java.lang.reflect.Constructor.newInstanceWithCaller(Constructor.java:499)
at java.base/java.lang.reflect.Constructor.newInstance(Constructor.java:480)
at org.openqa.selenium.remote.http.W3CHttpResponseCodec.createException(W3CHttpResponseCodec.java:187)
at org.openqa.selenium.remote.http.W3CHttpResponseCodec.decode(W3CHttpResponseCodec.java:122)
at org.openqa.selenium.remote.http.W3CHttpResponseCodec.decode(W3CHttpResponseCodec.java:49)
at org.openqa.selenium.remote.HttpCommandExecutor.execute(HttpCommandExecutor.java:158)
at org.openqa.selenium.remote.service.DriverCommandExecutor.execute(DriverCommandExecutor.java:83)
at org.openqa.selenium.remote.RemoteWebDriver.execute(RemoteWebDriver.java:552)
at org.openqa.selenium.remote.RemoteWebDriver.findElement(RemoteWebDriver.java:323)
at org.openqa.selenium.remote.RemoteWebDriver.findElementByXPath(RemoteWebDriver.java:428)
at org.openqa.selenium.By$ByXPath.findElement(By.java:353)
at org.openqa.selenium.remote.RemoteWebDriver.findElement(RemoteWebDriver.java:315)
at CompnaySecretory.EntityLocator.clickEditIcon(EntityLocator.java:253)
at CompnaySecretory.EntityMasterMethod.WithoutEnteringAOADocument(EntityMasterMethod.java:1210)
at CompanySecretoryTest.EntityTestCases.WithoutEnterignAOADocument(EntityTestCases.java:384)
at java.base/jdk.internal.reflect.NativeMethodAccessorImpl.invoke0(Native Method)
at java.base/jdk.internal.reflect.NativeMethodAccessorImpl.invoke(NativeMethodAccessorImpl.java:77)
at java.base/jdk.internal.reflect.DelegatingMethodAccessorImpl.invoke(DelegatingMethodAccessorImpl.java:43)
at java.base/java.lang.reflect.Method.invoke(Method.java:568)
at org.testng.internal.invokers.MethodInvocationHelper.invokeMethod(MethodInvocationHelper.java:139)
at org.testng.internal.invokers.TestInvoker.invokeMethod(TestInvoker.java:677)
at org.testng.internal.invokers.TestInvoker.invokeTestMethod(TestInvoker.java:221)
at org.testng.internal.invokers.MethodRunner.runInSequence(MethodRunner.java:50)
at org.testng.internal.invokers.TestInvoker$MethodInvocationAgent.invoke(TestInvoker.java:962)
at org.testng.internal.invokers.TestInvoker.invokeTestMethods(TestInvoker.java:194)
at org.testng.internal.invokers.TestMethodWorker.invokeTestMethods(TestMethodWorker.java:148)
at org.testng.internal.invokers.TestMethodWorker.run(TestMethodWorker.java:128)
at java.base/java.util.ArrayList.forEach(ArrayList.java:1511)
at org.testng.TestRunner.privateRun(TestRunner.java:806)
at org.testng.TestRunner.run(TestRunner.java:601)
at org.testng.SuiteRunner.runTest(SuiteRunner.java:433)
at org.testng.SuiteRunner.runSequentially(SuiteRunner.java:427)
at org.testng.SuiteRunner.privateRun(SuiteRunner.java:387)
at org.testng.SuiteRunner.run(SuiteRunner.java:330)
at org.testng.SuiteRunnerWorker.runSuite(SuiteRunnerWorker.java:52)
at org.testng.SuiteRunnerWorker.run(SuiteRunnerWorker.java:95)
at org.testng.TestNG.runSuitesSequentially(TestNG.java:1256)
at org.testng.TestNG.runSuitesLocally(TestNG.java:1176)
at org.testng.TestNG.runSuites(TestNG.java:1099)
at org.testng.TestNG.run(TestNG.java:1067)
at org.testng.remote.AbstractRemoteTestNG.run(AbstractRemoteTestNG.java:115)
at org.testng.remote.RemoteTestNG.initAndRun(RemoteTestNG.java:251)
at org.testng.remote.RemoteTestNG.main(RemoteTestNG.java:77)
]]>
    </error>
  </testcase> <!-- WithoutEnterignAOADocument -->
  <system-out/>
  <testcase classname="CompanySecretoryTest.EntityTestCases" name="ViewAOADocument" time="22.836">
    <error message="no such element: Unable to locate element: {&quot;method&quot;:&quot;xpath&quot;,&quot;selector&quot;:&quot;//*[@id=&#039;gridbank_active_cell&#039;]/a[1]/span/img&quot;}
  (Session info: chrome=114.0.5735.110)
For documentation on this error, please visit: http://seleniumhq.org/exceptions/no_such_element.html
Build info: version: &#039;3.141.0&#039;, revision: &#039;2ecb7d9a&#039;, time: &#039;2018-10-31T20:09:30&#039;
System info: host: &#039;DESKTOP-6RDAJ8O&#039;, ip: &#039;192.168.0.106&#039;, os.name: &#039;Windows 11&#039;, os.arch: &#039;amd64&#039;, os.version: &#039;10.0&#039;, java.version: &#039;17.0.4&#039;
Driver info: org.openqa.selenium.chrome.ChromeDriver
Capabilities {acceptInsecureCerts: false, browserName: chrome, browserVersion: 114.0.5735.110, chrome: {chromedriverVersion: 114.0.5735.90 (386bc09e8f4f..., userDataDir: C:\Users\Admin\AppData\Loca...}, goog:chromeOptions: {debuggerAddress: localhost:64995}, javascriptEnabled: true, networkConnectionEnabled: false, pageLoadStrategy: normal, platform: WINDOWS, platformName: WINDOWS, proxy: Proxy(), setWindowRect: true, strictFileInteractability: false, timeouts: {implicit: 0, pageLoad: 300000, script: 30000}, unhandledPromptBehavior: dismiss and notify, webauthn:extension:credBlob: true, webauthn:extension:largeBlob: true, webauthn:extension:minPinLength: true, webauthn:extension:prf: true, webauthn:virtualAuthenticators: true}
Session ID: ecd0a5998576eacabcb126bb256c2ee1
*** Element info: {Using=xpath, value=//*[@id=&#039;gridbank_active_cell&#039;]/a[1]/span/img}" type="org.openqa.selenium.NoSuchElementException">
      <![CDATA[org.openqa.selenium.NoSuchElementException: no such element: Unable to locate element: {"method":"xpath","selector":"//*[@id='gridbank_active_cell']/a[1]/span/img"}
  (Session info: chrome=114.0.5735.110)
For documentation on this error, please visit: http://seleniumhq.org/exceptions/no_such_element.html
Build info: version: '3.141.0', revision: '2ecb7d9a', time: '2018-10-31T20:09:30'
System info: host: 'DESKTOP-6RDAJ8O', ip: '192.168.0.106', os.name: 'Windows 11', os.arch: 'amd64', os.version: '10.0', java.version: '17.0.4'
Driver info: org.openqa.selenium.chrome.ChromeDriver
Capabilities {acceptInsecureCerts: false, browserName: chrome, browserVersion: 114.0.5735.110, chrome: {chromedriverVersion: 114.0.5735.90 (386bc09e8f4f..., userDataDir: C:\Users\Admin\AppData\Loca...}, goog:chromeOptions: {debuggerAddress: localhost:64995}, javascriptEnabled: true, networkConnectionEnabled: false, pageLoadStrategy: normal, platform: WINDOWS, platformName: WINDOWS, proxy: Proxy(), setWindowRect: true, strictFileInteractability: false, timeouts: {implicit: 0, pageLoad: 300000, script: 30000}, unhandledPromptBehavior: dismiss and notify, webauthn:extension:credBlob: true, webauthn:extension:largeBlob: true, webauthn:extension:minPinLength: true, webauthn:extension:prf: true, webauthn:virtualAuthenticators: true}
Session ID: ecd0a5998576eacabcb126bb256c2ee1
*** Element info: {Using=xpath, value=//*[@id='gridbank_active_cell']/a[1]/span/img}
at java.base/jdk.internal.reflect.NativeConstructorAccessorImpl.newInstance0(Native Method)
at java.base/jdk.internal.reflect.NativeConstructorAccessorImpl.newInstance(NativeConstructorAccessorImpl.java:77)
at java.base/jdk.internal.reflect.DelegatingConstructorAccessorImpl.newInstance(DelegatingConstructorAccessorImpl.java:45)
at java.base/java.lang.reflect.Constructor.newInstanceWithCaller(Constructor.java:499)
at java.base/java.lang.reflect.Constructor.newInstance(Constructor.java:480)
at org.openqa.selenium.remote.http.W3CHttpResponseCodec.createException(W3CHttpResponseCodec.java:187)
at org.openqa.selenium.remote.http.W3CHttpResponseCodec.decode(W3CHttpResponseCodec.java:122)
at org.openqa.selenium.remote.http.W3CHttpResponseCodec.decode(W3CHttpResponseCodec.java:49)
at org.openqa.selenium.remote.HttpCommandExecutor.execute(HttpCommandExecutor.java:158)
at org.openqa.selenium.remote.service.DriverCommandExecutor.execute(DriverCommandExecutor.java:83)
at org.openqa.selenium.remote.RemoteWebDriver.execute(RemoteWebDriver.java:552)
at org.openqa.selenium.remote.RemoteWebDriver.findElement(RemoteWebDriver.java:323)
at org.openqa.selenium.remote.RemoteWebDriver.findElementByXPath(RemoteWebDriver.java:428)
at org.openqa.selenium.By$ByXPath.findElement(By.java:353)
at org.openqa.selenium.remote.RemoteWebDriver.findElement(RemoteWebDriver.java:315)
at CompnaySecretory.EntityLocator.clickEditIcon(EntityLocator.java:253)
at CompnaySecretory.EntityMasterMethod.ViewAOADocument(EntityMasterMethod.java:1255)
at CompanySecretoryTest.EntityTestCases.ViewAOADocument(EntityTestCases.java:395)
at java.base/jdk.internal.reflect.NativeMethodAccessorImpl.invoke0(Native Method)
at java.base/jdk.internal.reflect.NativeMethodAccessorImpl.invoke(NativeMethodAccessorImpl.java:77)
at java.base/jdk.internal.reflect.DelegatingMethodAccessorImpl.invoke(DelegatingMethodAccessorImpl.java:43)
at java.base/java.lang.reflect.Method.invoke(Method.java:568)
at org.testng.internal.invokers.MethodInvocationHelper.invokeMethod(MethodInvocationHelper.java:139)
at org.testng.internal.invokers.TestInvoker.invokeMethod(TestInvoker.java:677)
at org.testng.internal.invokers.TestInvoker.invokeTestMethod(TestInvoker.java:221)
at org.testng.internal.invokers.MethodRunner.runInSequence(MethodRunner.java:50)
at org.testng.internal.invokers.TestInvoker$MethodInvocationAgent.invoke(TestInvoker.java:962)
at org.testng.internal.invokers.TestInvoker.invokeTestMethods(TestInvoker.java:194)
at org.testng.internal.invokers.TestMethodWorker.invokeTestMethods(TestMethodWorker.java:148)
at org.testng.internal.invokers.TestMethodWorker.run(TestMethodWorker.java:128)
at java.base/java.util.ArrayList.forEach(ArrayList.java:1511)
at org.testng.TestRunner.privateRun(TestRunner.java:806)
at org.testng.TestRunner.run(TestRunner.java:601)
at org.testng.SuiteRunner.runTest(SuiteRunner.java:433)
at org.testng.SuiteRunner.runSequentially(SuiteRunner.java:427)
at org.testng.SuiteRunner.privateRun(SuiteRunner.java:387)
at org.testng.SuiteRunner.run(SuiteRunner.java:330)
at org.testng.SuiteRunnerWorker.runSuite(SuiteRunnerWorker.java:52)
at org.testng.SuiteRunnerWorker.run(SuiteRunnerWorker.java:95)
at org.testng.TestNG.runSuitesSequentially(TestNG.java:1256)
at org.testng.TestNG.runSuitesLocally(TestNG.java:1176)
at org.testng.TestNG.runSuites(TestNG.java:1099)
at org.testng.TestNG.run(TestNG.java:1067)
at org.testng.remote.AbstractRemoteTestNG.run(AbstractRemoteTestNG.java:115)
at org.testng.remote.RemoteTestNG.initAndRun(RemoteTestNG.java:251)
at org.testng.remote.RemoteTestNG.main(RemoteTestNG.java:77)
]]>
    </error>
  </testcase> <!-- ViewAOADocument -->
  <system-out/>
  <testcase classname="CompanySecretoryTest.EntityTestCases" name="DownloadAOADocument" time="22.448">
    <error message="no such element: Unable to locate element: {&quot;method&quot;:&quot;xpath&quot;,&quot;selector&quot;:&quot;//*[@id=&#039;gridbank_active_cell&#039;]/a[1]/span/img&quot;}
  (Session info: chrome=114.0.5735.110)
For documentation on this error, please visit: http://seleniumhq.org/exceptions/no_such_element.html
Build info: version: &#039;3.141.0&#039;, revision: &#039;2ecb7d9a&#039;, time: &#039;2018-10-31T20:09:30&#039;
System info: host: &#039;DESKTOP-6RDAJ8O&#039;, ip: &#039;192.168.0.106&#039;, os.name: &#039;Windows 11&#039;, os.arch: &#039;amd64&#039;, os.version: &#039;10.0&#039;, java.version: &#039;17.0.4&#039;
Driver info: org.openqa.selenium.chrome.ChromeDriver
Capabilities {acceptInsecureCerts: false, browserName: chrome, browserVersion: 114.0.5735.110, chrome: {chromedriverVersion: 114.0.5735.90 (386bc09e8f4f..., userDataDir: C:\Users\Admin\AppData\Loca...}, goog:chromeOptions: {debuggerAddress: localhost:65041}, javascriptEnabled: true, networkConnectionEnabled: false, pageLoadStrategy: normal, platform: WINDOWS, platformName: WINDOWS, proxy: Proxy(), setWindowRect: true, strictFileInteractability: false, timeouts: {implicit: 0, pageLoad: 300000, script: 30000}, unhandledPromptBehavior: dismiss and notify, webauthn:extension:credBlob: true, webauthn:extension:largeBlob: true, webauthn:extension:minPinLength: true, webauthn:extension:prf: true, webauthn:virtualAuthenticators: true}
Session ID: f8588ca4be5df2ece5336565383e5ac7
*** Element info: {Using=xpath, value=//*[@id=&#039;gridbank_active_cell&#039;]/a[1]/span/img}" type="org.openqa.selenium.NoSuchElementException">
      <![CDATA[org.openqa.selenium.NoSuchElementException: no such element: Unable to locate element: {"method":"xpath","selector":"//*[@id='gridbank_active_cell']/a[1]/span/img"}
  (Session info: chrome=114.0.5735.110)
For documentation on this error, please visit: http://seleniumhq.org/exceptions/no_such_element.html
Build info: version: '3.141.0', revision: '2ecb7d9a', time: '2018-10-31T20:09:30'
System info: host: 'DESKTOP-6RDAJ8O', ip: '192.168.0.106', os.name: 'Windows 11', os.arch: 'amd64', os.version: '10.0', java.version: '17.0.4'
Driver info: org.openqa.selenium.chrome.ChromeDriver
Capabilities {acceptInsecureCerts: false, browserName: chrome, browserVersion: 114.0.5735.110, chrome: {chromedriverVersion: 114.0.5735.90 (386bc09e8f4f..., userDataDir: C:\Users\Admin\AppData\Loca...}, goog:chromeOptions: {debuggerAddress: localhost:65041}, javascriptEnabled: true, networkConnectionEnabled: false, pageLoadStrategy: normal, platform: WINDOWS, platformName: WINDOWS, proxy: Proxy(), setWindowRect: true, strictFileInteractability: false, timeouts: {implicit: 0, pageLoad: 300000, script: 30000}, unhandledPromptBehavior: dismiss and notify, webauthn:extension:credBlob: true, webauthn:extension:largeBlob: true, webauthn:extension:minPinLength: true, webauthn:extension:prf: true, webauthn:virtualAuthenticators: true}
Session ID: f8588ca4be5df2ece5336565383e5ac7
*** Element info: {Using=xpath, value=//*[@id='gridbank_active_cell']/a[1]/span/img}
at java.base/jdk.internal.reflect.NativeConstructorAccessorImpl.newInstance0(Native Method)
at java.base/jdk.internal.reflect.NativeConstructorAccessorImpl.newInstance(NativeConstructorAccessorImpl.java:77)
at java.base/jdk.internal.reflect.DelegatingConstructorAccessorImpl.newInstance(DelegatingConstructorAccessorImpl.java:45)
at java.base/java.lang.reflect.Constructor.newInstanceWithCaller(Constructor.java:499)
at java.base/java.lang.reflect.Constructor.newInstance(Constructor.java:480)
at org.openqa.selenium.remote.http.W3CHttpResponseCodec.createException(W3CHttpResponseCodec.java:187)
at org.openqa.selenium.remote.http.W3CHttpResponseCodec.decode(W3CHttpResponseCodec.java:122)
at org.openqa.selenium.remote.http.W3CHttpResponseCodec.decode(W3CHttpResponseCodec.java:49)
at org.openqa.selenium.remote.HttpCommandExecutor.execute(HttpCommandExecutor.java:158)
at org.openqa.selenium.remote.service.DriverCommandExecutor.execute(DriverCommandExecutor.java:83)
at org.openqa.selenium.remote.RemoteWebDriver.execute(RemoteWebDriver.java:552)
at org.openqa.selenium.remote.RemoteWebDriver.findElement(RemoteWebDriver.java:323)
at org.openqa.selenium.remote.RemoteWebDriver.findElementByXPath(RemoteWebDriver.java:428)
at org.openqa.selenium.By$ByXPath.findElement(By.java:353)
at org.openqa.selenium.remote.RemoteWebDriver.findElement(RemoteWebDriver.java:315)
at CompnaySecretory.EntityLocator.clickEditIcon(EntityLocator.java:253)
at CompnaySecretory.EntityMasterMethod.DownloadAOADocument(EntityMasterMethod.java:1277)
at CompanySecretoryTest.EntityTestCases.DownloadAOADocument(EntityTestCases.java:406)
at java.base/jdk.internal.reflect.NativeMethodAccessorImpl.invoke0(Native Method)
at java.base/jdk.internal.reflect.NativeMethodAccessorImpl.invoke(NativeMethodAccessorImpl.java:77)
at java.base/jdk.internal.reflect.DelegatingMethodAccessorImpl.invoke(DelegatingMethodAccessorImpl.java:43)
at java.base/java.lang.reflect.Method.invoke(Method.java:568)
at org.testng.internal.invokers.MethodInvocationHelper.invokeMethod(MethodInvocationHelper.java:139)
at org.testng.internal.invokers.TestInvoker.invokeMethod(TestInvoker.java:677)
at org.testng.internal.invokers.TestInvoker.invokeTestMethod(TestInvoker.java:221)
at org.testng.internal.invokers.MethodRunner.runInSequence(MethodRunner.java:50)
at org.testng.internal.invokers.TestInvoker$MethodInvocationAgent.invoke(TestInvoker.java:962)
at org.testng.internal.invokers.TestInvoker.invokeTestMethods(TestInvoker.java:194)
at org.testng.internal.invokers.TestMethodWorker.invokeTestMethods(TestMethodWorker.java:148)
at org.testng.internal.invokers.TestMethodWorker.run(TestMethodWorker.java:128)
at java.base/java.util.ArrayList.forEach(ArrayList.java:1511)
at org.testng.TestRunner.privateRun(TestRunner.java:806)
at org.testng.TestRunner.run(TestRunner.java:601)
at org.testng.SuiteRunner.runTest(SuiteRunner.java:433)
at org.testng.SuiteRunner.runSequentially(SuiteRunner.java:427)
at org.testng.SuiteRunner.privateRun(SuiteRunner.java:387)
at org.testng.SuiteRunner.run(SuiteRunner.java:330)
at org.testng.SuiteRunnerWorker.runSuite(SuiteRunnerWorker.java:52)
at org.testng.SuiteRunnerWorker.run(SuiteRunnerWorker.java:95)
at org.testng.TestNG.runSuitesSequentially(TestNG.java:1256)
at org.testng.TestNG.runSuitesLocally(TestNG.java:1176)
at org.testng.TestNG.runSuites(TestNG.java:1099)
at org.testng.TestNG.run(TestNG.java:1067)
at org.testng.remote.AbstractRemoteTestNG.run(AbstractRemoteTestNG.java:115)
at org.testng.remote.RemoteTestNG.initAndRun(RemoteTestNG.java:251)
at org.testng.remote.RemoteTestNG.main(RemoteTestNG.java:77)
]]>
    </error>
  </testcase> <!-- DownloadAOADocument -->
  <system-out/>
  <testcase classname="CompanySecretoryTest.EntityTestCases" name="LimitedLiabilityPartnership" time="36.599"/>
  <system-out/>
  <testcase classname="CompanySecretoryTest.EntityTestCases" name="AddLLP" time="97.514"/>
  <system-out/>
  <testcase classname="CompanySecretoryTest.EntityTestCases" name="EnterInvalidDataLLP" time="28.406">
    <error message="no such window: target window already closed
from unknown error: web view not found
  (Session info: chrome=114.0.5735.110)
Build info: version: &#039;3.141.0&#039;, revision: &#039;2ecb7d9a&#039;, time: &#039;2018-10-31T20:09:30&#039;
System info: host: &#039;DESKTOP-6RDAJ8O&#039;, ip: &#039;192.168.0.106&#039;, os.name: &#039;Windows 11&#039;, os.arch: &#039;amd64&#039;, os.version: &#039;10.0&#039;, java.version: &#039;17.0.4&#039;
Driver info: org.openqa.selenium.chrome.ChromeDriver
Capabilities {acceptInsecureCerts: false, browserName: chrome, browserVersion: 114.0.5735.110, chrome: {chromedriverVersion: 114.0.5735.90 (386bc09e8f4f..., userDataDir: C:\Users\Admin\AppData\Loca...}, goog:chromeOptions: {debuggerAddress: localhost:65405}, javascriptEnabled: true, networkConnectionEnabled: false, pageLoadStrategy: normal, platform: WINDOWS, platformName: WINDOWS, proxy: Proxy(), setWindowRect: true, strictFileInteractability: false, timeouts: {implicit: 0, pageLoad: 300000, script: 30000}, unhandledPromptBehavior: dismiss and notify, webauthn:extension:credBlob: true, webauthn:extension:largeBlob: true, webauthn:extension:minPinLength: true, webauthn:extension:prf: true, webauthn:virtualAuthenticators: true}
Session ID: 52bbe2ff93f6468a03a838fc73073a33
*** Element info: {Using=xpath, value=//*[@id=&#039;llpRocJurisdiction&#039;]}" type="org.openqa.selenium.NoSuchWindowException">
      <![CDATA[org.openqa.selenium.NoSuchWindowException: no such window: target window already closed
from unknown error: web view not found
  (Session info: chrome=114.0.5735.110)
Build info: version: '3.141.0', revision: '2ecb7d9a', time: '2018-10-31T20:09:30'
System info: host: 'DESKTOP-6RDAJ8O', ip: '192.168.0.106', os.name: 'Windows 11', os.arch: 'amd64', os.version: '10.0', java.version: '17.0.4'
Driver info: org.openqa.selenium.chrome.ChromeDriver
Capabilities {acceptInsecureCerts: false, browserName: chrome, browserVersion: 114.0.5735.110, chrome: {chromedriverVersion: 114.0.5735.90 (386bc09e8f4f..., userDataDir: C:\Users\Admin\AppData\Loca...}, goog:chromeOptions: {debuggerAddress: localhost:65405}, javascriptEnabled: true, networkConnectionEnabled: false, pageLoadStrategy: normal, platform: WINDOWS, platformName: WINDOWS, proxy: Proxy(), setWindowRect: true, strictFileInteractability: false, timeouts: {implicit: 0, pageLoad: 300000, script: 30000}, unhandledPromptBehavior: dismiss and notify, webauthn:extension:credBlob: true, webauthn:extension:largeBlob: true, webauthn:extension:minPinLength: true, webauthn:extension:prf: true, webauthn:virtualAuthenticators: true}
Session ID: 52bbe2ff93f6468a03a838fc73073a33
*** Element info: {Using=xpath, value=//*[@id='llpRocJurisdiction']}
at java.base/jdk.internal.reflect.NativeConstructorAccessorImpl.newInstance0(Native Method)
at java.base/jdk.internal.reflect.NativeConstructorAccessorImpl.newInstance(NativeConstructorAccessorImpl.java:77)
at java.base/jdk.internal.reflect.DelegatingConstructorAccessorImpl.newInstance(DelegatingConstructorAccessorImpl.java:45)
at java.base/java.lang.reflect.Constructor.newInstanceWithCaller(Constructor.java:499)
at java.base/java.lang.reflect.Constructor.newInstance(Constructor.java:480)
at org.openqa.selenium.remote.http.W3CHttpResponseCodec.createException(W3CHttpResponseCodec.java:187)
at org.openqa.selenium.remote.http.W3CHttpResponseCodec.decode(W3CHttpResponseCodec.java:122)
at org.openqa.selenium.remote.http.W3CHttpResponseCodec.decode(W3CHttpResponseCodec.java:49)
at org.openqa.selenium.remote.HttpCommandExecutor.execute(HttpCommandExecutor.java:158)
at org.openqa.selenium.remote.service.DriverCommandExecutor.execute(DriverCommandExecutor.java:83)
at org.openqa.selenium.remote.RemoteWebDriver.execute(RemoteWebDriver.java:552)
at org.openqa.selenium.remote.RemoteWebDriver.findElement(RemoteWebDriver.java:323)
at org.openqa.selenium.remote.RemoteWebDriver.findElementByXPath(RemoteWebDriver.java:428)
at org.openqa.selenium.By$ByXPath.findElement(By.java:353)
at org.openqa.selenium.remote.RemoteWebDriver.findElement(RemoteWebDriver.java:315)
at CompnaySecretory.EntityMasterMethod.EnterInvalidDataLLP(EntityMasterMethod.java:3953)
at CompanySecretoryTest.EntityTestCases.EnterInvalidDataLLP(EntityTestCases.java:1007)
at java.base/jdk.internal.reflect.NativeMethodAccessorImpl.invoke0(Native Method)
at java.base/jdk.internal.reflect.NativeMethodAccessorImpl.invoke(NativeMethodAccessorImpl.java:77)
at java.base/jdk.internal.reflect.DelegatingMethodAccessorImpl.invoke(DelegatingMethodAccessorImpl.java:43)
at java.base/java.lang.reflect.Method.invoke(Method.java:568)
at org.testng.internal.invokers.MethodInvocationHelper.invokeMethod(MethodInvocationHelper.java:139)
at org.testng.internal.invokers.TestInvoker.invokeMethod(TestInvoker.java:677)
at org.testng.internal.invokers.TestInvoker.invokeTestMethod(TestInvoker.java:221)
at org.testng.internal.invokers.MethodRunner.runInSequence(MethodRunner.java:50)
at org.testng.internal.invokers.TestInvoker$MethodInvocationAgent.invoke(TestInvoker.java:962)
at org.testng.internal.invokers.TestInvoker.invokeTestMethods(TestInvoker.java:194)
at org.testng.internal.invokers.TestMethodWorker.invokeTestMethods(TestMethodWorker.java:148)
at org.testng.internal.invokers.TestMethodWorker.run(TestMethodWorker.java:128)
at java.base/java.util.ArrayList.forEach(ArrayList.java:1511)
at org.testng.TestRunner.privateRun(TestRunner.java:806)
at org.testng.TestRunner.run(TestRunner.java:601)
at org.testng.SuiteRunner.runTest(SuiteRunner.java:433)
at org.testng.SuiteRunner.runSequentially(SuiteRunner.java:427)
at org.testng.SuiteRunner.privateRun(SuiteRunner.java:387)
at org.testng.SuiteRunner.run(SuiteRunner.java:330)
at org.testng.SuiteRunnerWorker.runSuite(SuiteRunnerWorker.java:52)
at org.testng.SuiteRunnerWorker.run(SuiteRunnerWorker.java:95)
at org.testng.TestNG.runSuitesSequentially(TestNG.java:1256)
at org.testng.TestNG.runSuitesLocally(TestNG.java:1176)
at org.testng.TestNG.runSuites(TestNG.java:1099)
at org.testng.TestNG.run(TestNG.java:1067)
at org.testng.remote.AbstractRemoteTestNG.run(AbstractRemoteTestNG.java:115)
at org.testng.remote.RemoteTestNG.initAndRun(RemoteTestNG.java:251)
at org.testng.remote.RemoteTestNG.main(RemoteTestNG.java:77)
]]>
    </error>
  </testcase> <!-- EnterInvalidDataLLP -->
  <system-out/>
  <testcase classname="CompanySecretoryTest.EntityTestCases" name="DuplicateLLP" time="0.000">
    <skipped/>
  </testcase> <!-- DuplicateLLP -->
  <system-out/>
  <testcase classname="CompanySecretoryTest.EntityTestCases" name="TwoMandatoryLLP" time="0.000">
    <skipped/>
  </testcase> <!-- TwoMandatoryLLP -->
  <system-out/>
  <testcase classname="CompanySecretoryTest.EntityTestCases" name="WithoutEnteringFieldsLLP" time="0.000">
    <skipped/>
  </testcase> <!-- WithoutEnteringFieldsLLP -->
  <system-out/>
  <testcase classname="CompanySecretoryTest.EntityTestCases" name="CloseButtonLLP" time="0.000">
    <skipped/>
  </testcase> <!-- CloseButtonLLP -->
  <system-out/>
  <testcase classname="CompanySecretoryTest.EntityTestCases" name="UpdateLLP" time="0.000">
    <skipped/>
  </testcase> <!-- UpdateLLP -->
  <system-out/>
  <testcase classname="CompanySecretoryTest.EntityTestCases" name="InvalidUpdateLLP" time="0.000">
    <skipped/>
  </testcase> <!-- InvalidUpdateLLP -->
  <system-out/>
  <testcase classname="CompanySecretoryTest.EntityTestCases" name="EditCloseButtonLLP" time="0.000">
    <skipped/>
  </testcase> <!-- EditCloseButtonLLP -->
  <system-out/>
  <testcase classname="CompanySecretoryTest.EntityTestCases" name="BuisnessActivityLLP" time="0.000">
    <skipped/>
  </testcase> <!-- BuisnessActivityLLP -->
  <system-out/>
  <testcase classname="CompanySecretoryTest.EntityTestCases" name="AddBuisnessActivityLLP" time="0.000">
    <skipped/>
  </testcase> <!-- AddBuisnessActivityLLP -->
  <system-out/>
  <testcase classname="CompanySecretoryTest.EntityTestCases" name="NoDataFoundLLP" time="0.000">
    <skipped/>
  </testcase> <!-- NoDataFoundLLP -->
  <system-out/>
  <testcase classname="CompanySecretoryTest.EntityTestCases" name="WithOutEnterDataLLP" time="0.001">
    <skipped/>
  </testcase> <!-- WithOutEnterDataLLP -->
  <system-out/>
  <testcase classname="CompanySecretoryTest.EntityTestCases" name="EditLLP" time="0.000">
    <skipped/>
  </testcase> <!-- EditLLP -->
  <system-out/>
  <testcase classname="CompanySecretoryTest.EntityTestCases" name="EditInvalidDataLLP" time="0.000">
    <skipped/>
  </testcase> <!-- EditInvalidDataLLP -->
  <system-out/>
  <testcase classname="CompanySecretoryTest.EntityTestCases" name="BADeleteIconLLP" time="0.000">
    <skipped/>
  </testcase> <!-- BADeleteIconLLP -->
  <system-out/>
  <testcase classname="CompanySecretoryTest.EntityTestCases" name="BACloseBtnLLP" time="0.000">
    <skipped/>
  </testcase> <!-- BACloseBtnLLP -->
  <system-out/>
  <testcase classname="CompanySecretoryTest.EntityTestCases" name="DocumentTabLLP" time="0.000">
    <skipped/>
  </testcase> <!-- DocumentTabLLP -->
  <system-out/>
  <testcase classname="CompanySecretoryTest.EntityTestCases" name="AddDocumentLLP" time="0.000">
    <skipped/>
  </testcase> <!-- AddDocumentLLP -->
  <system-out/>
  <testcase classname="CompanySecretoryTest.EntityTestCases" name="AlreadyExistDocumentLLP" time="0.000">
    <skipped/>
  </testcase> <!-- AlreadyExistDocumentLLP -->
  <system-out/>
  <testcase classname="CompanySecretoryTest.EntityTestCases" name="WithoutEnteringDocLLP" time="0.000">
    <skipped/>
  </testcase> <!-- WithoutEnteringDocLLP -->
  <system-out/>
  <testcase classname="CompanySecretoryTest.EntityTestCases" name="ViewDocumentLLP" time="0.000">
    <skipped/>
  </testcase> <!-- ViewDocumentLLP -->
  <system-out/>
  <testcase classname="CompanySecretoryTest.EntityTestCases" name="DownloadDocumentLLP" time="0.000">
    <skipped/>
  </testcase> <!-- DownloadDocumentLLP -->
  <system-out/>
  <testcase classname="CompanySecretoryTest.EntityTestCases" name="DeleteDocumentLLP" time="0.000">
    <skipped/>
  </testcase> <!-- DeleteDocumentLLP -->
  <system-out/>
  <testcase classname="CompanySecretoryTest.EntityTestCases" name="AddDocumentLLPDEED" time="0.000">
    <skipped/>
  </testcase> <!-- AddDocumentLLPDEED -->
  <system-out/>
  <testcase classname="CompanySecretoryTest.EntityTestCases" name="WithoutEnteringDocumentLLPDEED" time="0.000">
    <skipped/>
  </testcase> <!-- WithoutEnteringDocumentLLPDEED -->
  <system-out/>
  <testcase classname="CompanySecretoryTest.EntityTestCases" name="AddExistingDocumentLLPDEED" time="0.000">
    <skipped/>
  </testcase> <!-- AddExistingDocumentLLPDEED -->
  <system-out/>
  <testcase classname="CompanySecretoryTest.EntityTestCases" name="ViewDocumentLLPDEED" time="0.000">
    <skipped/>
  </testcase> <!-- ViewDocumentLLPDEED -->
  <system-out/>
  <testcase classname="CompanySecretoryTest.EntityTestCases" name="DownloadDocumentLLPDEED" time="0.000">
    <skipped/>
  </testcase> <!-- DownloadDocumentLLPDEED -->
  <system-out/>
  <testcase classname="CompanySecretoryTest.EntityTestCases" name="DeleteDocumentLLPDEED" time="0.001">
    <skipped/>
  </testcase> <!-- DeleteDocumentLLPDEED -->
  <system-out/>
  <testcase classname="CompanySecretoryTest.EntityTestCases" name="AddPolicyDocLLP" time="0.000">
    <skipped/>
  </testcase> <!-- AddPolicyDocLLP -->
  <system-out/>
  <testcase classname="CompanySecretoryTest.EntityTestCases" name="WithoutEnteringDocumentPolicyLLP" time="0.000">
    <skipped/>
  </testcase> <!-- WithoutEnteringDocumentPolicyLLP -->
  <system-out/>
  <testcase classname="CompanySecretoryTest.EntityTestCases" name="AddExistingDocumentPolicyLLP" time="0.000">
    <skipped/>
  </testcase> <!-- AddExistingDocumentPolicyLLP -->
  <system-out/>
  <testcase classname="CompanySecretoryTest.EntityTestCases" name="ViewDocumentPolicyLLP" time="0.001">
    <skipped/>
  </testcase> <!-- ViewDocumentPolicyLLP -->
  <system-out/>
  <testcase classname="CompanySecretoryTest.EntityTestCases" name="DownloadDocumentPolicyLLP" time="0.004">
    <skipped/>
  </testcase> <!-- DownloadDocumentPolicyLLP -->
  <system-out/>
  <testcase classname="CompanySecretoryTest.EntityTestCases" name="DeleteDocumentPolicyLLP" time="0.000">
    <skipped/>
  </testcase> <!-- DeleteDocumentPolicyLLP -->
  <system-out/>
  <testcase classname="CompanySecretoryTest.EntityTestCases" name="AddDocumentLicenseRegistrationLLP" time="0.000">
    <skipped/>
  </testcase> <!-- AddDocumentLicenseRegistrationLLP -->
  <system-out/>
  <testcase classname="CompanySecretoryTest.EntityTestCases" name="WithoutEnteringDocumenLicenseRegistrationLLP" time="0.000">
    <skipped/>
  </testcase> <!-- WithoutEnteringDocumenLicenseRegistrationLLP -->
  <system-out/>
  <testcase classname="CompanySecretoryTest.EntityTestCases" name="AddExistingDocumenLicenseRegistrationLLP" time="0.000">
    <skipped/>
  </testcase> <!-- AddExistingDocumenLicenseRegistrationLLP -->
  <system-out/>
  <testcase classname="CompanySecretoryTest.EntityTestCases" name="ViewDocumentLicenseRegistrationLLP" time="0.000">
    <skipped/>
  </testcase> <!-- ViewDocumentLicenseRegistrationLLP -->
  <system-out/>
  <testcase classname="CompanySecretoryTest.EntityTestCases" name="DownloadDocumentLicenseRegistraionLLP" time="0.000">
    <skipped/>
  </testcase> <!-- DownloadDocumentLicenseRegistraionLLP -->
  <system-out/>
  <testcase classname="CompanySecretoryTest.EntityTestCases" name="DeleteDocumentLicenseRegistrationLLP" time="0.000">
    <skipped/>
  </testcase> <!-- DeleteDocumentLicenseRegistrationLLP -->
  <system-out/>
  <testcase classname="CompanySecretoryTest.EntityTestCases" name="AddDocumentAnnualReportLLP" time="0.000">
    <skipped/>
  </testcase> <!-- AddDocumentAnnualReportLLP -->
  <system-out/>
  <testcase classname="CompanySecretoryTest.EntityTestCases" name="AddExistingAnnualReportLLP" time="0.000">
    <skipped/>
  </testcase> <!-- AddExistingAnnualReportLLP -->
  <system-out/>
  <testcase classname="CompanySecretoryTest.EntityTestCases" name="WithoutEnteringDocumentAnnualReportLLP" time="0.000">
    <skipped/>
  </testcase> <!-- WithoutEnteringDocumentAnnualReportLLP -->
  <system-out/>
  <testcase classname="CompanySecretoryTest.EntityTestCases" name="ViewDocumentAnnualReportLLP" time="0.000">
    <skipped/>
  </testcase> <!-- ViewDocumentAnnualReportLLP -->
  <system-out/>
  <testcase classname="CompanySecretoryTest.EntityTestCases" name="DownloadDocumentAnnualReportLLP" time="0.000">
    <skipped/>
  </testcase> <!-- DownloadDocumentAnnualReportLLP -->
  <system-out/>
  <testcase classname="CompanySecretoryTest.EntityTestCases" name="DeleteDocumentAnnualReportLLP" time="0.000">
    <skipped/>
  </testcase> <!-- DeleteDocumentAnnualReportLLP -->
  <system-out/>
  <testcase classname="CompanySecretoryTest.EntityTestCases" name="BranchDetailesLLP" time="0.000">
    <skipped/>
  </testcase> <!-- BranchDetailesLLP -->
  <system-out/>
  <testcase classname="CompanySecretoryTest.EntityTestCases" name="AddBranchDetailesLLP" time="0.000">
    <skipped/>
  </testcase> <!-- AddBranchDetailesLLP -->
  <system-out/>
  <testcase classname="CompanySecretoryTest.EntityTestCases" name="InvaliddBranchDetailesLLP" time="0.000">
    <skipped/>
  </testcase> <!-- InvaliddBranchDetailesLLP -->
  <system-out/>
  <testcase classname="CompanySecretoryTest.EntityTestCases" name="WithoutEnteringDataBranchDetailesLLP" time="0.000">
    <skipped/>
  </testcase> <!-- WithoutEnteringDataBranchDetailesLLP -->
  <system-out/>
  <testcase classname="CompanySecretoryTest.EntityTestCases" name="TwoMandatoryFieldsBranchDetailesLLP" time="0.001">
    <skipped/>
  </testcase> <!-- TwoMandatoryFieldsBranchDetailesLLP -->
  <system-out/>
  <testcase classname="CompanySecretoryTest.EntityTestCases" name="EditBranchDetailesLLP" time="0.000">
    <skipped/>
  </testcase> <!-- EditBranchDetailesLLP -->
  <system-out/>
  <testcase classname="CompanySecretoryTest.EntityTestCases" name="UploadDocBranchDetailesLLP" time="0.000">
    <skipped/>
  </testcase> <!-- UploadDocBranchDetailesLLP -->
  <system-out/>
  <testcase classname="CompanySecretoryTest.EntityTestCases" name="InvalidUploadDocBranchDetailesLLP" time="0.000">
    <skipped/>
  </testcase> <!-- InvalidUploadDocBranchDetailesLLP -->
  <system-out/>
  <testcase classname="CompanySecretoryTest.EntityTestCases" name="MultipleFileUploadDocBranchDetailesLLP" time="0.000">
    <skipped/>
  </testcase> <!-- MultipleFileUploadDocBranchDetailesLLP -->
  <system-out/>
  <testcase classname="CompanySecretoryTest.EntityTestCases" name="InvalidMultipleFileUploadDocBranchDetailesLLP" time="0.000">
    <skipped/>
  </testcase> <!-- InvalidMultipleFileUploadDocBranchDetailesLLP -->
  <system-out/>
  <testcase classname="CompanySecretoryTest.EntityTestCases" name="WithoutUploadDocBranchDetailesLLP" time="0.000">
    <skipped/>
  </testcase> <!-- WithoutUploadDocBranchDetailesLLP -->
  <system-out/>
  <testcase classname="CompanySecretoryTest.EntityTestCases" name="CloseBranchDetailesLLP" time="0.000">
    <skipped/>
  </testcase> <!-- CloseBranchDetailesLLP -->
  <system-out/>
  <testcase classname="CompanySecretoryTest.EntityTestCases" name="BankDetailesLLP" time="0.000">
    <skipped/>
  </testcase> <!-- BankDetailesLLP -->
  <system-out/>
  <testcase classname="CompanySecretoryTest.EntityTestCases" name="AddBankDetailesLLP" time="0.000">
    <skipped/>
  </testcase> <!-- AddBankDetailesLLP -->
  <system-out/>
  <testcase classname="CompanySecretoryTest.EntityTestCases" name="DuplicateBankDetailesLLP" time="0.000">
    <skipped/>
  </testcase> <!-- DuplicateBankDetailesLLP -->
  <system-out/>
  <testcase classname="CompanySecretoryTest.EntityTestCases" name="InvalidAccountNoLLP" time="0.000">
    <skipped/>
  </testcase> <!-- InvalidAccountNoLLP -->
  <system-out/>
  <testcase classname="CompanySecretoryTest.EntityTestCases" name="InvalidBankNameLLP" time="0.000">
    <skipped/>
  </testcase> <!-- InvalidBankNameLLP -->
  <system-out/>
  <testcase classname="CompanySecretoryTest.EntityTestCases" name="InvalidIFSCLLP" time="0.000">
    <skipped/>
  </testcase> <!-- InvalidIFSCLLP -->
  <system-out/>
  <testcase classname="CompanySecretoryTest.EntityTestCases" name="DateBankDetailesLLP" time="0.000">
    <skipped/>
  </testcase> <!-- DateBankDetailesLLP -->
  <system-out/>
  <testcase classname="CompanySecretoryTest.EntityTestCases" name="WithoutEnterBankDetailesLLP" time="0.000">
    <skipped/>
  </testcase> <!-- WithoutEnterBankDetailesLLP -->
  <system-out/>
  <testcase classname="CompanySecretoryTest.EntityTestCases" name="UpdateBankDetailesLLP" time="0.000">
    <skipped/>
  </testcase> <!-- UpdateBankDetailesLLP -->
  <system-out/>
  <testcase classname="CompanySecretoryTest.EntityTestCases" name="InvalidUpdateBankDetailesLLP" time="0.000">
    <skipped/>
  </testcase> <!-- InvalidUpdateBankDetailesLLP -->
  <system-out/>
  <testcase classname="CompanySecretoryTest.EntityTestCases" name="DeleteBankDetailesLLP" time="0.000">
    <skipped/>
  </testcase> <!-- DeleteBankDetailesLLP -->
  <system-out/>
  <testcase classname="CompanySecretoryTest.EntityTestCases" name="DeleteBankDetailes1LLP" time="0.000">
    <skipped/>
  </testcase> <!-- DeleteBankDetailes1LLP -->
  <system-out/>
  <testcase classname="CompanySecretoryTest.EntityTestCases" name="ValidDataEntityExcelUpload" time="0.000">
    <skipped/>
  </testcase> <!-- ValidDataEntityExcelUpload -->
  <system-out/>
  <testcase classname="CompanySecretoryTest.EntityTestCases" name="InvalidDataEntityExcelUpload" time="0.000">
    <skipped/>
  </testcase> <!-- InvalidDataEntityExcelUpload -->
  <system-out/>
  <testcase classname="CompanySecretoryTest.EntityTestCases" name="ExistingDataEntityExcelUpload" time="0.000">
    <skipped/>
  </testcase> <!-- ExistingDataEntityExcelUpload -->
  <system-out/>
  <testcase classname="CompanySecretoryTest.EntityTestCases" name="WithoutEnteringDataEntityExcelUpload" time="0.000">
    <skipped/>
  </testcase> <!-- WithoutEnteringDataEntityExcelUpload -->
  <system-out/>
  <testcase classname="CompanySecretoryTest.EntityTestCases" name="EnterInvalidEntityExcelUploadFile" time="0.000">
    <skipped/>
  </testcase> <!-- EnterInvalidEntityExcelUploadFile -->
  <system-out/>
  <testcase classname="CompanySecretoryTest.EntityTestCases" name="WithoutselectingfileEntityExcelUploadFile" time="0.000">
    <skipped/>
  </testcase> <!-- WithoutselectingfileEntityExcelUploadFile -->
  <system-out/>
  <testcase classname="CompanySecretoryTest.EntityTestCases" name="LLPExcelUploadFile" time="0.000">
    <skipped/>
  </testcase> <!-- LLPExcelUploadFile -->
  <system-out/>
  <testcase classname="CompanySecretoryTest.EntityTestCases" name="InvalidDataLLPExcelUploadFile" time="0.000">
    <skipped/>
  </testcase> <!-- InvalidDataLLPExcelUploadFile -->
  <system-out/>
  <testcase classname="CompanySecretoryTest.EntityTestCases" name="EnterExistingDataInvalidDataLLPExcelUploadFile" time="0.000">
    <skipped/>
  </testcase> <!-- EnterExistingDataInvalidDataLLPExcelUploadFile -->
  <system-out/>
  <testcase classname="CompanySecretoryTest.EntityTestCases" name="WithoutEnteringDataLLPExcelUpload" time="0.000">
    <skipped/>
  </testcase> <!-- WithoutEnteringDataLLPExcelUpload -->
  <system-out/>
  <testcase classname="CompanySecretoryTest.EntityTestCases" name="EnterInvalidLLPExcelUploadFile" time="0.000">
    <skipped/>
  </testcase> <!-- EnterInvalidLLPExcelUploadFile -->
  <system-out/>
  <testcase classname="CompanySecretoryTest.EntityTestCases" name="WithoutselectingfileLLPExcelUploadFile" time="0.000">
    <skipped/>
  </testcase> <!-- WithoutselectingfileLLPExcelUploadFile -->
  <system-out/>
  <testcase classname="CompanySecretoryTest.EntityTestCases" name="MGT7ExcelUploadFile" time="0.000">
    <skipped/>
  </testcase> <!-- MGT7ExcelUploadFile -->
  <system-out/>
  <testcase classname="CompanySecretoryTest.EntityTestCases" name="MGT7ExcelInvalidUploadFile" time="0.000">
    <skipped/>
  </testcase> <!-- MGT7ExcelInvalidUploadFile -->
  <system-out/>
  <testcase classname="CompanySecretoryTest.EntityTestCases" name="MGT7ExcelDiffInvalidUploadFile" time="0.000">
    <skipped/>
  </testcase> <!-- MGT7ExcelDiffInvalidUploadFile -->
  <system-out/>
  <testcase classname="CompanySecretoryTest.EntityTestCases" name="MGT7ExcelExistingUploadFile" time="0.000">
    <skipped/>
  </testcase> <!-- MGT7ExcelExistingUploadFile -->
  <system-out/>
  <testcase classname="CompanySecretoryTest.EntityTestCases" name="WithoutselectingfileMGT7ExcelUploadFile" time="0.000">
    <skipped/>
  </testcase> <!-- WithoutselectingfileMGT7ExcelUploadFile -->
  <system-out/>
  <testcase classname="CompanySecretoryTest.EntityTestCases" name="ClickImport" time="0.000">
    <skipped/>
  </testcase> <!-- ClickImport -->
  <system-out/>
  <testcase classname="CompanySecretoryTest.EntityTestCases" name="ClickImportCheckBox" time="0.000">
    <skipped/>
  </testcase> <!-- ClickImportCheckBox -->
  <system-out/>
  <testcase classname="CompanySecretoryTest.EntityTestCases" name="ValidationOfSaveBtn" time="0.000">
    <skipped/>
  </testcase> <!-- ValidationOfSaveBtn -->
  <system-out/>
  <testcase classname="CompanySecretoryTest.EntityTestCases" name="SearchFieldImportTab" time="0.000">
    <skipped/>
  </testcase> <!-- SearchFieldImportTab -->
  <system-out/>
  <testcase classname="CompanySecretoryTest.EntityTestCases" name="SearchFieldEntityTab" time="0.000">
    <skipped/>
  </testcase> <!-- SearchFieldEntityTab -->
  <system-out/>
  <testcase classname="CompanySecretoryTest.EntityTestCases" name="ClickApplicabilty" time="0.000">
    <skipped/>
  </testcase> <!-- ClickApplicabilty -->
  <system-out/>
  <testcase classname="CompanySecretoryTest.EntityTestCases" name="ClickAmountInINR" time="0.000">
    <skipped/>
  </testcase> <!-- ClickAmountInINR -->
  <system-out/>
  <testcase classname="CompanySecretoryTest.EntityTestCases" name="YesRadioBtnApplicability" time="0.000">
    <skipped/>
  </testcase> <!-- YesRadioBtnApplicability -->
  <system-out/>
  <testcase classname="CompanySecretoryTest.EntityTestCases" name="NoRadioBtnApplicability" time="0.000">
    <skipped/>
  </testcase> <!-- NoRadioBtnApplicability -->
  <system-out/>
  <testcase classname="CompanySecretoryTest.EntityTestCases" name="CloseApplicability" time="0.000">
    <skipped/>
  </testcase> <!-- CloseApplicability -->
  <system-out/>
  <testcase classname="CompanySecretoryTest.EntityTestCases" name="ClickShareHoldingOption" time="0.000">
    <skipped/>
  </testcase> <!-- ClickShareHoldingOption -->
  <system-out/>
  <testcase classname="CompanySecretoryTest.EntityTestCases" name="AddShareHolding" time="0.000">
    <skipped/>
  </testcase> <!-- AddShareHolding -->
  <system-out/>
  <testcase classname="CompanySecretoryTest.EntityTestCases" name="ClickShareHoldingDeatils" time="0.000">
    <skipped/>
  </testcase> <!-- ClickShareHoldingDeatils -->
  <system-out/>
  <testcase classname="CompanySecretoryTest.EntityTestCases" name="AddShareHoldingDetailes" time="0.000">
    <skipped/>
  </testcase> <!-- AddShareHoldingDetailes -->
  <system-out/>
  <testcase classname="CompanySecretoryTest.EntityTestCases" name="EnterInvaliddataFoliooftransferor" time="0.000">
    <skipped/>
  </testcase> <!-- EnterInvaliddataFoliooftransferor -->
  <system-out/>
  <testcase classname="CompanySecretoryTest.EntityTestCases" name="WithoutEnterDataInSahreHoldingDetailes" time="0.000">
    <skipped/>
  </testcase> <!-- WithoutEnterDataInSahreHoldingDetailes -->
  <system-out/>
  <testcase classname="CompanySecretoryTest.EntityTestCases" name="CloseBtnSahreHoldingDetailes" time="0.000">
    <skipped/>
  </testcase> <!-- CloseBtnSahreHoldingDetailes -->
  <system-out/>
  <testcase classname="CompanySecretoryTest.EntityTestCases" name="UploadFileShareHoldingDetailes" time="0.000">
    <skipped/>
  </testcase> <!-- UploadFileShareHoldingDetailes -->
  <system-out/>
  <testcase classname="CompanySecretoryTest.EntityTestCases" name="UploadExistingFileShareHoldingDetailes" time="0.000">
    <skipped/>
  </testcase> <!-- UploadExistingFileShareHoldingDetailes -->
  <system-out/>
  <testcase classname="CompanySecretoryTest.EntityTestCases" name="InvalidDataUploadFileShareHoldingDeatils" time="0.000">
    <skipped/>
  </testcase> <!-- InvalidDataUploadFileShareHoldingDeatils -->
  <system-out/>
  <testcase classname="CompanySecretoryTest.EntityTestCases" name="EmptyDataUploadshareHoldingDeatils" time="0.000">
    <skipped/>
  </testcase> <!-- EmptyDataUploadshareHoldingDeatils -->
  <system-out/>
  <testcase classname="CompanySecretoryTest.EntityTestCases" name="InvalidFileUploadShareHoldingDetailes" time="0.000">
    <skipped/>
  </testcase> <!-- InvalidFileUploadShareHoldingDetailes -->
  <system-out/>
  <testcase classname="CompanySecretoryTest.EntityTestCases" name="WithoutSelectingFileUploadShareHoldingDetailes" time="0.000">
    <skipped/>
  </testcase> <!-- WithoutSelectingFileUploadShareHoldingDetailes -->
  <system-out/>
  <testcase classname="CompanySecretoryTest.EntityTestCases" name="UploadFileSahreHolding" time="0.000">
    <skipped/>
  </testcase> <!-- UploadFileSahreHolding -->
  <system-out/>
  <testcase classname="CompanySecretoryTest.EntityTestCases" name="ExistingUploadFileSahreHolding" time="0.000">
    <skipped/>
  </testcase> <!-- ExistingUploadFileSahreHolding -->
  <system-out/>
  <testcase classname="CompanySecretoryTest.EntityTestCases" name="InvalidUploadShareHolding" time="0.000">
    <skipped/>
  </testcase> <!-- InvalidUploadShareHolding -->
  <system-out/>
  <testcase classname="CompanySecretoryTest.EntityTestCases" name="EmptyFileUploadShareHolding" time="0.000">
    <skipped/>
  </testcase> <!-- EmptyFileUploadShareHolding -->
  <system-out/>
  <testcase classname="CompanySecretoryTest.EntityTestCases" name="InvalidFileUploadShareHolding" time="0.000">
    <skipped/>
  </testcase> <!-- InvalidFileUploadShareHolding -->
  <system-out/>
  <testcase classname="CompanySecretoryTest.EntityTestCases" name="WithoutSelectingFileUploadShareHolding" time="0.000">
    <skipped/>
  </testcase> <!-- WithoutSelectingFileUploadShareHolding -->
  <system-out/>
  <testcase classname="CompanySecretoryTest.EntityTestCases" name="ClickShareHoldingPattern" time="0.000">
    <skipped/>
  </testcase> <!-- ClickShareHoldingPattern -->
  <system-out/>
  <testcase classname="CompanySecretoryTest.EntityTestCases" name="AddCategoryMaster" time="0.000">
    <skipped/>
  </testcase> <!-- AddCategoryMaster -->
  <system-out/>
  <testcase classname="CompanySecretoryTest.EntityTestCases" name="UploadShareholdingCategoryMaster" time="0.000">
    <skipped/>
  </testcase> <!-- UploadShareholdingCategoryMaster -->
  <system-out/>
  <testcase classname="CompanySecretoryTest.EntityTestCases" name="EnterInvalidDataUploadShareholdingCategoryMaster" time="0.000">
    <skipped/>
  </testcase> <!-- EnterInvalidDataUploadShareholdingCategoryMaster -->
  <system-out/>
  <testcase classname="CompanySecretoryTest.EntityTestCases" name="EnterInvalidDateUploadShareholdingCategoryMaster" time="0.000">
    <skipped/>
  </testcase> <!-- EnterInvalidDateUploadShareholdingCategoryMaster -->
  <system-out/>
  <testcase classname="CompanySecretoryTest.EntityTestCases" name="EnterEmptyDataUploadShareholdingCategoryMaster" time="0.000">
    <skipped/>
  </testcase> <!-- EnterEmptyDataUploadShareholdingCategoryMaster -->
  <system-out/>
  <testcase classname="CompanySecretoryTest.EntityTestCases" name="InvalidUploadFileShareholdingCategoryMaster" time="0.000">
    <skipped/>
  </testcase> <!-- InvalidUploadFileShareholdingCategoryMaster -->
  <system-out/>
  <testcase classname="CompanySecretoryTest.EntityTestCases" name="WithoutUploadFileShareholdingCategoryMaster" time="0.000">
    <skipped/>
  </testcase> <!-- WithoutUploadFileShareholdingCategoryMaster -->
  <system-out/>
  <testcase classname="CompanySecretoryTest.EntityTestCases" name="ClickShareHoldingHistorical" time="0.000">
    <skipped/>
  </testcase> <!-- ClickShareHoldingHistorical -->
  <system-out/>
  <testcase classname="CompanySecretoryTest.EntityTestCases" name="EnterInvalidDateShareHoldingHistorical" time="0.000">
    <skipped/>
  </testcase> <!-- EnterInvalidDateShareHoldingHistorical -->
  <system-out/>
  <testcase classname="CompanySecretoryTest.EntityTestCases" name="EmptyDateShareHoldingHistorical" time="0.000">
    <skipped/>
  </testcase> <!-- EmptyDateShareHoldingHistorical -->
  <system-out/>
  <testcase classname="CompanySecretoryTest.EntityTestCases" name="ClearButtonShareHoldingHistorical" time="0.000">
    <skipped/>
  </testcase> <!-- ClearButtonShareHoldingHistorical -->
  <system-out/>
  <testcase classname="CompanySecretoryTest.EntityTestCases" name="ViewButtonShareHoldingHistorical" time="0.001">
    <skipped/>
  </testcase> <!-- ViewButtonShareHoldingHistorical -->
  <system-out/>
  <testcase classname="CompanySecretoryTest.EntityTestCases" name="DownloadButtonShareHoldingHistorical" time="0.000">
    <skipped/>
  </testcase> <!-- DownloadButtonShareHoldingHistorical -->
  <system-out/>
  <testcase classname="CompanySecretoryTest.EntityTestCases" name="EditBtnShareHolding" time="0.000">
    <skipped/>
  </testcase> <!-- EditBtnShareHolding -->
  <system-out/>
  <testcase classname="CompanySecretoryTest.EntityTestCases" name="UpdateShareHolding" time="0.000">
    <skipped/>
  </testcase> <!-- UpdateShareHolding -->
  <system-out/>
  <testcase classname="CompanySecretoryTest.EntityTestCases" name="EnterInvalidDataShareHolding" time="0.000">
    <skipped/>
  </testcase> <!-- EnterInvalidDataShareHolding -->
  <system-out/>
  <testcase classname="CompanySecretoryTest.EntityTestCases" name="CloseBtnShareHolding" time="0.000">
    <skipped/>
  </testcase> <!-- CloseBtnShareHolding -->
  <system-out/>
  <testcase classname="CompanySecretoryTest.EntityTestCases" name="DeleteYesShareHolding" time="0.000">
    <skipped/>
  </testcase> <!-- DeleteYesShareHolding -->
  <system-out/>
  <testcase classname="CompanySecretoryTest.EntityTestCases" name="DeleteNoIconShareHolding" time="0.000">
    <skipped/>
  </testcase> <!-- DeleteNoIconShareHolding -->
  <system-out/>
  <testcase classname="CompanySecretoryTest.EntityTestCases" name="ClickShareCertificateBtn" time="0.000">
    <skipped/>
  </testcase> <!-- ClickShareCertificateBtn -->
  <system-out/>
  <testcase classname="CompanySecretoryTest.EntityTestCases" name="WithoutEnteringDataShareCertificate" time="0.000">
    <skipped/>
  </testcase> <!-- WithoutEnteringDataShareCertificate -->
  <system-out/>
  <testcase classname="CompanySecretoryTest.EntityTestCases" name="AddShareCertificate" time="0.000">
    <skipped/>
  </testcase> <!-- AddShareCertificate -->
  <system-out/>
  <testcase classname="CompanySecretoryTest.EntityTestCases" name="ViewShareCertificate" time="0.000">
    <skipped/>
  </testcase> <!-- ViewShareCertificate -->
  <system-out/>
  <testcase classname="CompanySecretoryTest.EntityTestCases" name="DownloadShareCertificate" time="0.000">
    <skipped/>
  </testcase> <!-- DownloadShareCertificate -->
  <system-out/>
  <testcase classname="CompanySecretoryTest.EntityTestCases" name="DownloadShareCertificateAfterSaving" time="0.000">
    <skipped/>
  </testcase> <!-- DownloadShareCertificateAfterSaving -->
  <system-out/>
  <testcase classname="CompanySecretoryTest.EntityTestCases" name="Managementpersonnel" time="0.000">
    <skipped/>
  </testcase> <!-- Managementpersonnel -->
  <system-out/>
  <testcase classname="CompanySecretoryTest.EntityTestCases" name="ManagementpersonnelExportToPDF" time="0.000">
    <skipped/>
  </testcase> <!-- ManagementpersonnelExportToPDF -->
  <system-out/>
  <testcase classname="CompanySecretoryTest.EntityTestCases" name="ClickCommitte" time="0.000">
    <skipped/>
  </testcase> <!-- ClickCommitte -->
  <system-out/>
  <testcase classname="CompanySecretoryTest.EntityTestCases" name="ClickCloseBtnOfCommitte" time="0.000">
    <skipped/>
  </testcase> <!-- ClickCloseBtnOfCommitte -->
  <system-out/>
  <testcase classname="CompanySecretoryTest.EntityTestCases" name="ClickCommitteeMatrix" time="0.000">
    <skipped/>
  </testcase> <!-- ClickCommitteeMatrix -->
  <system-out/>
  <testcase classname="CompanySecretoryTest.EntityTestCases" name="ClickAuditor" time="0.000">
    <skipped/>
  </testcase> <!-- ClickAuditor -->
  <system-out/>
  <testcase classname="CompanySecretoryTest.EntityTestCases" name="AddStatutoryAuditor" time="0.000">
    <skipped/>
  </testcase> <!-- AddStatutoryAuditor -->
  <system-out/>
  <testcase classname="CompanySecretoryTest.EntityTestCases" name="EnterInvalidDataStatutoryAuditor" time="0.000">
    <skipped/>
  </testcase> <!-- EnterInvalidDataStatutoryAuditor -->
  <system-out/>
  <testcase classname="CompanySecretoryTest.EntityTestCases" name="EnterTwoMandatoryFiledStatutoryAuditor" time="0.000">
    <skipped/>
  </testcase> <!-- EnterTwoMandatoryFiledStatutoryAuditor -->
  <system-out/>
  <testcase classname="CompanySecretoryTest.EntityTestCases" name="EmptyFiledStatutoryAuditor" time="0.000">
    <skipped/>
  </testcase> <!-- EmptyFiledStatutoryAuditor -->
  <system-out/>
  <testcase classname="CompanySecretoryTest.EntityTestCases" name="CloseBtnStatutoryAuditor" time="0.000">
    <skipped/>
  </testcase> <!-- CloseBtnStatutoryAuditor -->
  <system-out/>
  <testcase classname="CompanySecretoryTest.EntityTestCases" name="ClearBtnStatutoryAuditor" time="0.000">
    <skipped/>
  </testcase> <!-- ClearBtnStatutoryAuditor -->
  <system-out/>
  <testcase classname="CompanySecretoryTest.EntityTestCases" name="UpdateStatutoryAuditor" time="0.000">
    <skipped/>
  </testcase> <!-- UpdateStatutoryAuditor -->
  <system-out/>
  <testcase classname="CompanySecretoryTest.EntityTestCases" name="UpdateEnterInvalidDataStatutoryAuditor" time="0.000">
    <skipped/>
  </testcase> <!-- UpdateEnterInvalidDataStatutoryAuditor -->
  <system-out/>
  <testcase classname="CompanySecretoryTest.EntityTestCases" name="UpdateEnterEmptyFieldsStatutoryAuditor" time="0.000">
    <skipped/>
  </testcase> <!-- UpdateEnterEmptyFieldsStatutoryAuditor -->
  <system-out/>
  <testcase classname="CompanySecretoryTest.EntityTestCases" name="CloseBtnUpdateStatutoryAuditor" time="0.000">
    <skipped/>
  </testcase> <!-- CloseBtnUpdateStatutoryAuditor -->
  <system-out/>
  <testcase classname="CompanySecretoryTest.EntityTestCases" name="Resignationofauditor" time="0.000">
    <skipped/>
  </testcase> <!-- Resignationofauditor -->
  <system-out/>
  <testcase classname="CompanySecretoryTest.EntityTestCases" name="CancelBtnResignationofAuditor" time="0.000">
    <skipped/>
  </testcase> <!-- CancelBtnResignationofAuditor -->
  <system-out/>
  <testcase classname="CompanySecretoryTest.EntityTestCases" name="EnterInvalidDataResignationofAuditor" time="0.000">
    <skipped/>
  </testcase> <!-- EnterInvalidDataResignationofAuditor -->
  <system-out/>
  <testcase classname="CompanySecretoryTest.EntityTestCases" name="EnterEmptyDataResignationofAuditor" time="0.000">
    <skipped/>
  </testcase> <!-- EnterEmptyDataResignationofAuditor -->
  <system-out/>
  <testcase classname="CompanySecretoryTest.EntityTestCases" name="CloseBtnResignationofAuditor" time="0.000">
    <skipped/>
  </testcase> <!-- CloseBtnResignationofAuditor -->
  <system-out/>
  <testcase classname="CompanySecretoryTest.EntityTestCases" name="ClickInternalAuditor" time="0.000">
    <skipped/>
  </testcase> <!-- ClickInternalAuditor -->
  <system-out/>
  <testcase classname="CompanySecretoryTest.EntityTestCases" name="AddInternalAuditor" time="0.000">
    <skipped/>
  </testcase> <!-- AddInternalAuditor -->
  <system-out/>
  <testcase classname="CompanySecretoryTest.EntityTestCases" name="EnterExistingDataInternalAuditor" time="0.000">
    <skipped/>
  </testcase> <!-- EnterExistingDataInternalAuditor -->
  <system-out/>
  <testcase classname="CompanySecretoryTest.EntityTestCases" name="EnterTwoFieldsInternalAuditor" time="0.000">
    <skipped/>
  </testcase> <!-- EnterTwoFieldsInternalAuditor -->
  <system-out/>
  <testcase classname="CompanySecretoryTest.EntityTestCases" name="CloseBtnInternalAuditor" time="0.000">
    <skipped/>
  </testcase> <!-- CloseBtnInternalAuditor -->
  <system-out/>
  <testcase classname="CompanySecretoryTest.EntityTestCases" name="ClearBtnInternalAuditor" time="0.000">
    <skipped/>
  </testcase> <!-- ClearBtnInternalAuditor -->
  <system-out/>
  <testcase classname="CompanySecretoryTest.EntityTestCases" name="EditInternalAuditor" time="0.000">
    <skipped/>
  </testcase> <!-- EditInternalAuditor -->
  <system-out/>
  <testcase classname="CompanySecretoryTest.EntityTestCases" name="ResignationofInternalAuditor" time="0.000">
    <skipped/>
  </testcase> <!-- ResignationofInternalAuditor -->
  <system-out/>
  <testcase classname="CompanySecretoryTest.EntityTestCases" name="EmptyFiledsCancelBtnResignationofInternalAuditor" time="0.000">
    <skipped/>
  </testcase> <!-- EmptyFiledsCancelBtnResignationofInternalAuditor -->
  <system-out/>
  <testcase classname="CompanySecretoryTest.EntityTestCases" name="EnterInvalidDataResignationofInternalAuditor" time="0.001">
    <skipped/>
  </testcase> <!-- EnterInvalidDataResignationofInternalAuditor -->
  <system-out/>
  <testcase classname="CompanySecretoryTest.EntityTestCases" name="EnterEmptyDataResignationofInternalAuditor" time="0.000">
    <skipped/>
  </testcase> <!-- EnterEmptyDataResignationofInternalAuditor -->
  <system-out/>
  <testcase classname="CompanySecretoryTest.EntityTestCases" name="SecretarialAuditor" time="0.000">
    <skipped/>
  </testcase> <!-- SecretarialAuditor -->
  <system-out/>
  <testcase classname="CompanySecretoryTest.EntityTestCases" name="SAAddNew" time="0.000">
    <skipped/>
  </testcase> <!-- SAAddNew -->
  <system-out/>
  <testcase classname="CompanySecretoryTest.EntityTestCases" name="SAAddNewAE" time="0.000">
    <skipped/>
  </testcase> <!-- SAAddNewAE -->
  <system-out/>
  <testcase classname="CompanySecretoryTest.EntityTestCases" name="SAAddNewTwoMan" time="0.000">
    <skipped/>
  </testcase> <!-- SAAddNewTwoMan -->
  <system-out/>
  <testcase classname="CompanySecretoryTest.EntityTestCases" name="SAAddNewEmpty" time="0.000">
    <skipped/>
  </testcase> <!-- SAAddNewEmpty -->
  <system-out/>
  <testcase classname="CompanySecretoryTest.EntityTestCases" name="SAAddNewClose" time="0.000">
    <skipped/>
  </testcase> <!-- SAAddNewClose -->
  <system-out/>
  <testcase classname="CompanySecretoryTest.EntityTestCases" name="SAClearFilter" time="0.000">
    <skipped/>
  </testcase> <!-- SAClearFilter -->
  <system-out/>
  <testcase classname="CompanySecretoryTest.EntityTestCases" name="SAEditClose" time="0.001">
    <skipped/>
  </testcase> <!-- SAEditClose -->
  <system-out/>
  <testcase classname="CompanySecretoryTest.EntityTestCases" name="ResignationofAuditor" time="0.000">
    <skipped/>
  </testcase> <!-- ResignationofAuditor -->
  <system-out/>
  <testcase classname="CompanySecretoryTest.EntityTestCases" name="ResignationofAuditorEmpty" time="0.000">
    <skipped/>
  </testcase> <!-- ResignationofAuditorEmpty -->
  <system-out/>
  <testcase classname="CompanySecretoryTest.EntityTestCases" name="ResignationofAuditorCancel" time="0.000">
    <skipped/>
  </testcase> <!-- ResignationofAuditorCancel -->
  <system-out/>
  <testcase classname="CompanySecretoryTest.EntityTestCases" name="ResignationofAuditorClose" time="0.000">
    <skipped/>
  </testcase> <!-- ResignationofAuditorClose -->
  <system-out/>
  <testcase classname="CompanySecretoryTest.EntityTestCases" name="CostAuditor" time="0.000">
    <skipped/>
  </testcase> <!-- CostAuditor -->
  <system-out/>
  <testcase classname="CompanySecretoryTest.EntityTestCases" name="CostAuditorAddNew" time="0.000">
    <skipped/>
  </testcase> <!-- CostAuditorAddNew -->
  <system-out/>
  <testcase classname="CompanySecretoryTest.EntityTestCases" name="CostAuditorAddNewED" time="0.000">
    <skipped/>
  </testcase> <!-- CostAuditorAddNewED -->
  <system-out/>
  <testcase classname="CompanySecretoryTest.EntityTestCases" name="CostAuditorAddNewTwoMan" time="0.000">
    <skipped/>
  </testcase> <!-- CostAuditorAddNewTwoMan -->
  <system-out/>
  <testcase classname="CompanySecretoryTest.EntityTestCases" name="CostAuditorAddNewEmpty" time="0.000">
    <skipped/>
  </testcase> <!-- CostAuditorAddNewEmpty -->
  <system-out/>
  <testcase classname="CompanySecretoryTest.EntityTestCases" name="CAAddNewClose" time="0.000">
    <skipped/>
  </testcase> <!-- CAAddNewClose -->
  <system-out/>
  <testcase classname="CompanySecretoryTest.EntityTestCases" name="CAClearFilter" time="0.000">
    <skipped/>
  </testcase> <!-- CAClearFilter -->
  <system-out/>
  <testcase classname="CompanySecretoryTest.EntityTestCases" name="CAEditClose" time="0.000">
    <skipped/>
  </testcase> <!-- CAEditClose -->
  <system-out/>
  <testcase classname="CompanySecretoryTest.EntityTestCases" name="ResignationofAuditorCA" time="0.000">
    <skipped/>
  </testcase> <!-- ResignationofAuditorCA -->
  <system-out/>
  <testcase classname="CompanySecretoryTest.EntityTestCases" name="ResignationofAuditorEmptyCA" time="0.000">
    <skipped/>
  </testcase> <!-- ResignationofAuditorEmptyCA -->
  <system-out/>
  <testcase classname="CompanySecretoryTest.EntityTestCases" name="ResignationofAuditorCancelCA" time="0.000">
    <skipped/>
  </testcase> <!-- ResignationofAuditorCancelCA -->
  <system-out/>
  <testcase classname="CompanySecretoryTest.EntityTestCases" name="ResignationofAuditorCloseCA" time="0.000">
    <skipped/>
  </testcase> <!-- ResignationofAuditorCloseCA -->
  <system-out/>
  <testcase classname="CompanySecretoryTest.EntityTestCases" name="ClickMBP4" time="0.000">
    <skipped/>
  </testcase> <!-- ClickMBP4 -->
  <system-out/>
  <testcase classname="CompanySecretoryTest.EntityTestCases" name="ClickUploadExistingRegistor" time="0.000">
    <skipped/>
  </testcase> <!-- ClickUploadExistingRegistor -->
  <system-out/>
  <testcase classname="CompanySecretoryTest.EntityTestCases" name="ClickUploadExistingRegistorInvalidData" time="0.000">
    <skipped/>
  </testcase> <!-- ClickUploadExistingRegistorInvalidData -->
  <system-out/>
  <testcase classname="CompanySecretoryTest.EntityTestCases" name="ClickUploadExistingRegistorDupliacteData" time="0.000">
    <skipped/>
  </testcase> <!-- ClickUploadExistingRegistorDupliacteData -->
  <system-out/>
  <testcase classname="CompanySecretoryTest.EntityTestCases" name="ClickUploadExistingRegistorWithoutData" time="0.000">
    <skipped/>
  </testcase> <!-- ClickUploadExistingRegistorWithoutData -->
  <system-out/>
  <testcase classname="CompanySecretoryTest.EntityTestCases" name="ClickUploadExistingRegistorInvalidFileFormat" time="0.000">
    <skipped/>
  </testcase> <!-- ClickUploadExistingRegistorInvalidFileFormat -->
  <system-out/>
  <testcase classname="CompanySecretoryTest.EntityTestCases" name="ClickUploadExistingRegistorWithoutSelectingFile" time="0.000">
    <skipped/>
  </testcase> <!-- ClickUploadExistingRegistorWithoutSelectingFile -->
  <system-out/>
  <testcase classname="CompanySecretoryTest.EntityTestCases" name="ClickUploadOldRegistorWithValidFile" time="0.000">
    <skipped/>
  </testcase> <!-- ClickUploadOldRegistorWithValidFile -->
  <system-out/>
  <testcase classname="CompanySecretoryTest.EntityTestCases" name="ClickUploadOldRegistorWithInValidData" time="0.000">
    <skipped/>
  </testcase> <!-- ClickUploadOldRegistorWithInValidData -->
  <system-out/>
  <testcase classname="CompanySecretoryTest.EntityTestCases" name="ClickUploadOldRegistorWithDuplicateData" time="0.000">
    <skipped/>
  </testcase> <!-- ClickUploadOldRegistorWithDuplicateData -->
  <system-out/>
  <testcase classname="CompanySecretoryTest.EntityTestCases" name="ClickUploadOldRegistorWithoutData" time="0.000">
    <skipped/>
  </testcase> <!-- ClickUploadOldRegistorWithoutData -->
  <system-out/>
  <testcase classname="CompanySecretoryTest.EntityTestCases" name="ClickUploadOldRegistorInvalidFile" time="0.000">
    <skipped/>
  </testcase> <!-- ClickUploadOldRegistorInvalidFile -->
  <system-out/>
  <testcase classname="CompanySecretoryTest.EntityTestCases" name="ClickUploadOldRegistorWithoutSelectFile" time="0.000">
    <skipped/>
  </testcase> <!-- ClickUploadOldRegistorWithoutSelectFile -->
  <system-out/>
  <testcase classname="CompanySecretoryTest.EntityTestCases" name="ClickGenerateRegistor" time="0.000">
    <skipped/>
  </testcase> <!-- ClickGenerateRegistor -->
  <system-out/>
  <testcase classname="CompanySecretoryTest.EntityTestCases" name="ClickDownloadExisitingRegisterOfMBP4" time="0.000">
    <skipped/>
  </testcase> <!-- ClickDownloadExisitingRegisterOfMBP4 -->
  <system-out/>
  <testcase classname="CompanySecretoryTest.EntityTestCases" name="ClickDownloadOldRegisterOfMBP4" time="0.000">
    <skipped/>
  </testcase> <!-- ClickDownloadOldRegisterOfMBP4 -->
  <system-out/>
  <testcase classname="CompanySecretoryTest.EntityTestCases" name="ClickDownloadAllRegisterOfMBP4" time="0.000">
    <skipped/>
  </testcase> <!-- ClickDownloadAllRegisterOfMBP4 -->
  <system-out/>
  <testcase classname="CompanySecretoryTest.EntityTestCases" name="ClickViewExisitingRegisterOfMBP4" time="0.000">
    <skipped/>
  </testcase> <!-- ClickViewExisitingRegisterOfMBP4 -->
  <system-out/>
  <testcase classname="CompanySecretoryTest.EntityTestCases" name="ClickViewOldRegisterOfMBP4" time="0.000">
    <skipped/>
  </testcase> <!-- ClickViewOldRegisterOfMBP4 -->
  <system-out/>
  <testcase classname="CompanySecretoryTest.EntityTestCases" name="ClickViewAllRegisterOfMBP4" time="0.000">
    <skipped/>
  </testcase> <!-- ClickViewAllRegisterOfMBP4 -->
  <system-out/>
  <testcase classname="CompanySecretoryTest.EntityTestCases" name="clickPASTROD" time="0.000">
    <skipped/>
  </testcase> <!-- clickPASTROD -->
  <system-out/>
  <testcase classname="CompanySecretoryTest.EntityTestCases" name="clickPASTRODwithValidData" time="0.000">
    <skipped/>
  </testcase> <!-- clickPASTRODwithValidData -->
  <system-out/>
  <testcase classname="CompanySecretoryTest.EntityTestCases" name="clickPASTRODwithInValidData" time="0.000">
    <skipped/>
  </testcase> <!-- clickPASTRODwithInValidData -->
  <system-out/>
  <testcase classname="CompanySecretoryTest.EntityTestCases" name="clickPASTRODwithDuplicateData" time="0.000">
    <skipped/>
  </testcase> <!-- clickPASTRODwithDuplicateData -->
  <system-out/>
  <testcase classname="CompanySecretoryTest.EntityTestCases" name="clickPASTRODwithoutData" time="0.000">
    <skipped/>
  </testcase> <!-- clickPASTRODwithoutData -->
  <system-out/>
  <testcase classname="CompanySecretoryTest.EntityTestCases" name="clickPASTRODInvalidFile" time="0.000">
    <skipped/>
  </testcase> <!-- clickPASTRODInvalidFile -->
  <system-out/>
  <testcase classname="CompanySecretoryTest.EntityTestCases" name="clickPASTRODGenerateRegistor" time="0.000">
    <skipped/>
  </testcase> <!-- clickPASTRODGenerateRegistor -->
  <system-out/>
  <testcase classname="CompanySecretoryTest.EntityTestCases" name="clickPASTRODGenerateRegistorDownload" time="0.000">
    <skipped/>
  </testcase> <!-- clickPASTRODGenerateRegistorDownload -->
  <system-out/>
  <testcase classname="CompanySecretoryTest.EntityTestCases" name="clickPASTRODGenerateRegistorview" time="0.000">
    <skipped/>
  </testcase> <!-- clickPASTRODGenerateRegistorview -->
  <system-out/>
</testsuite> <!-- CompanySecretoryTest.EntityTestCases -->
