<?xml version="1.0" encoding="UTF-8"?>
<!-- Generated by org.testng.reporters.JUnitReportReporter -->
<testsuite hostname="DESKTOP-6RDAJ8O" failures="0" tests="6" name="CompanySecretoryTest.EntityTestCases" time="200.412" errors="0" timestamp="2023-05-02T18:20:30 IST" skipped="0">
  <testcase classname="CompanySecretoryTest.EntityTestCases" name="Login" time="41.683"/>
  <system-out/>
  <testcase classname="CompanySecretoryTest.EntityTestCases" name="EnterInvalidDataLLP" time="57.323"/>
  <system-out/>
  <testcase classname="CompanySecretoryTest.EntityTestCases" name="WithoutEnteringDocLLP" time="27.228"/>
  <system-out/>
  <testcase classname="CompanySecretoryTest.EntityTestCases" name="ViewDocumentLLP" time="22.909"/>
  <system-out/>
  <testcase classname="CompanySecretoryTest.EntityTestCases" name="DownloadDocumentLLP" time="24.907"/>
  <system-out/>
  <testcase classname="CompanySecretoryTest.EntityTestCases" name="DeleteDocumentLLP" time="26.362"/>
  <system-out/>
</testsuite> <!-- CompanySecretoryTest.EntityTestCases -->
