<?xml version="1.0" encoding="UTF-8"?>
<!-- Generated by org.testng.reporters.JUnitReportReporter -->
<testsuite hostname="DESKTOP-LP" failures="0" tests="3" name="CompanySecretoryTest.MyWorkspaceTestCases" time="125.016" errors="0" timestamp="2023-07-17T15:56:09 IST" skipped="0">
  <testcase classname="CompanySecretoryTest.MyWorkspaceTestCases" name="ClickDraftResolutionandMinuteTabTab" time="31.704"/>
  <system-out/>
  <testcase classname="CompanySecretoryTest.MyWorkspaceTestCases" name="ClickDraftResolutionandMinuteDownloadIcon" time="39.453"/>
  <system-out/>
  <testcase classname="CompanySecretoryTest.MyWorkspaceTestCases" name="ClickAnnetureTab" time="53.859"/>
  <system-out/>
</testsuite> <!-- CompanySecretoryTest.MyWorkspaceTestCases -->
