<?xml version="1.0" encoding="UTF-8"?>
<!-- Generated by org.testng.reporters.JUnitReportReporter -->
<testsuite hostname="DESKTOP-6RDAJ8O" failures="0" tests="12" name="CompanySecretoryTest.EntityTestCases" time="350.889" errors="0" timestamp="2023-04-26T18:28:15 IST" skipped="0">
  <testcase classname="CompanySecretoryTest.EntityTestCases" name="Login" time="11.113"/>
  <system-out/>
  <testcase classname="CompanySecretoryTest.EntityTestCases" name="BankDetailes" time="18.141"/>
  <system-out/>
  <testcase classname="CompanySecretoryTest.EntityTestCases" name="AddBankDetailes" time="36.986"/>
  <system-out/>
  <testcase classname="CompanySecretoryTest.EntityTestCases" name="InvalidAccountNo" time="35.070"/>
  <system-out/>
  <testcase classname="CompanySecretoryTest.EntityTestCases" name="InvalidBankName" time="28.681"/>
  <system-out/>
  <testcase classname="CompanySecretoryTest.EntityTestCases" name="InvalidIFSC" time="32.836"/>
  <system-out/>
  <testcase classname="CompanySecretoryTest.EntityTestCases" name="DateBankDetailes" time="39.224"/>
  <system-out/>
  <testcase classname="CompanySecretoryTest.EntityTestCases" name="WithoutEnterBankDetailes" time="30.554"/>
  <system-out/>
  <testcase classname="CompanySecretoryTest.EntityTestCases" name="UpdateBankDetailes" time="31.781"/>
  <system-out/>
  <testcase classname="CompanySecretoryTest.EntityTestCases" name="InvalidUpdateBankDetailes" time="41.356"/>
  <system-out/>
  <testcase classname="CompanySecretoryTest.EntityTestCases" name="DeleteBankDetailes" time="25.103"/>
  <system-out/>
  <testcase classname="CompanySecretoryTest.EntityTestCases" name="DeleteBankDetailes1" time="20.044"/>
  <system-out/>
</testsuite> <!-- CompanySecretoryTest.EntityTestCases -->
